Using pre-set license
Built from '2021.3/staging' branch; Version is '2021.3.8f1 (b30333d56e81) revision 11731763'; Using compiler version '192829333'; Build Type 'Release'
OS: 'Windows 11  (10.0.22621) 64bit Core' Language: 'en' Physical Memory: 16316 MB
BatchMode: 1, IsHumanControllingUs: 0, StartBugReporterOnCrash: 0, Is64bit: 1, IsPro: 1

COMMAND LINE ARGUMENTS:
C:\Program Files\Unity\Hub\Editor\2021.3.8f1\Editor\Unity.exe
-adb2
-batchMode
-noUpm
-name
AssetImportWorker0
-projectPath
C:/Users/Gregory/Source/Repos/TalonsPass/TalonsPass2
-logFile
Logs/AssetImportWorker0.log
-srvPort
52243
Successfully changed project path to: C:/Users/Gregory/Source/Repos/TalonsPass/TalonsPass2
C:/Users/Gregory/Source/Repos/TalonsPass/TalonsPass2
[UnityMemory] Configuration Parameters - Can be set up in boot.config
    "memorysetup-bucket-allocator-granularity=16"
    "memorysetup-bucket-allocator-bucket-count=8"
    "memorysetup-bucket-allocator-block-size=33554432"
    "memorysetup-bucket-allocator-block-count=8"
    "memorysetup-main-allocator-block-size=16777216"
    "memorysetup-thread-allocator-block-size=16777216"
    "memorysetup-gfx-main-allocator-block-size=16777216"
    "memorysetup-gfx-thread-allocator-block-size=16777216"
    "memorysetup-cache-allocator-block-size=4194304"
    "memorysetup-typetree-allocator-block-size=2097152"
    "memorysetup-profiler-bucket-allocator-granularity=16"
    "memorysetup-profiler-bucket-allocator-bucket-count=8"
    "memorysetup-profiler-bucket-allocator-block-size=33554432"
    "memorysetup-profiler-bucket-allocator-block-count=8"
    "memorysetup-profiler-allocator-block-size=16777216"
    "memorysetup-profiler-editor-allocator-block-size=1048576"
    "memorysetup-temp-allocator-size-main=16777216"
    "memorysetup-job-temp-allocator-block-size=2097152"
    "memorysetup-job-temp-allocator-block-size-background=1048576"
    "memorysetup-job-temp-allocator-reduction-small-platforms=262144"
    "memorysetup-temp-allocator-size-background-worker=32768"
    "memorysetup-temp-allocator-size-job-worker=262144"
    "memorysetup-temp-allocator-size-preload-manager=33554432"
    "memorysetup-temp-allocator-size-nav-mesh-worker=65536"
    "memorysetup-temp-allocator-size-audio-worker=65536"
    "memorysetup-temp-allocator-size-cloud-worker=32768"
    "memorysetup-temp-allocator-size-gi-baking-worker=262144"
    "memorysetup-temp-allocator-size-gfx=262144"
Refreshing native plugins compatible for Editor in 91.04 ms, found 3 plugins.
Preloading 0 native plugins for Editor in 0.00 ms.
Initialize engine version: 2021.3.8f1 (b30333d56e81)
[Subsystems] Discovering subsystems at path C:/Program Files/Unity/Hub/Editor/2021.3.8f1/Editor/Data/Resources/UnitySubsystems
[Subsystems] Discovering subsystems at path C:/Users/Gregory/Source/Repos/TalonsPass/TalonsPass2/Assets
GfxDevice: creating device client; threaded=0; jobified=0
Direct3D:
    Version:  Direct3D 11.0 [level 11.1]
    Renderer: AMD Radeon RX 5700 XT (ID=0x731f)
    Vendor:   ATI
    VRAM:     8151 MB
    Driver:   31.0.12027.7000
Initialize mono
Mono path[0] = 'C:/Program Files/Unity/Hub/Editor/2021.3.8f1/Editor/Data/Managed'
Mono path[1] = 'C:/Program Files/Unity/Hub/Editor/2021.3.8f1/Editor/Data/MonoBleedingEdge/lib/mono/unityjit-win32'
Mono config path = 'C:/Program Files/Unity/Hub/Editor/2021.3.8f1/Editor/Data/MonoBleedingEdge/etc'
Using monoOptions --debugger-agent=transport=dt_socket,embedding=1,server=y,suspend=n,address=127.0.0.1:56116
Begin MonoManager ReloadAssembly
Registering precompiled unity dll's ...
Register platform support module: C:/Program Files/Unity/Hub/Editor/2021.3.8f1/Editor/Data/PlaybackEngines/WindowsStandaloneSupport/UnityEditor.WindowsStandalone.Extensions.dll
Registered in 0.003968 seconds.
Native extension for WindowsStandalone target not found
Refreshing native plugins compatible for Editor in 82.91 ms, found 3 plugins.
Preloading 0 native plugins for Editor in 0.00 ms.
Mono: successfully reloaded assembly
- Completed reload, in  0.564 seconds
Domain Reload Profiling:
	ReloadAssembly (564ms)
		BeginReloadAssembly (72ms)
			ExecutionOrderSort (0ms)
			DisableScriptedObjects (0ms)
			BackupInstance (0ms)
			ReleaseScriptingObjects (0ms)
			CreateAndSetChildDomain (1ms)
		EndReloadAssembly (401ms)
			LoadAssemblies (71ms)
			RebuildTransferFunctionScriptingTraits (0ms)
			SetupTypeCache (92ms)
			ReleaseScriptCaches (0ms)
			RebuildScriptCaches (23ms)
			SetupLoadedEditorAssemblies (244ms)
				LogAssemblyErrors (0ms)
				InitializePlatformSupportModulesInManaged (6ms)
				SetLoadedEditorAssemblies (0ms)
				RefreshPlugins (83ms)
				BeforeProcessingInitializeOnLoad (1ms)
				ProcessInitializeOnLoadAttributes (115ms)
				ProcessInitializeOnLoadMethodAttributes (39ms)
				AfterProcessingInitializeOnLoad (0ms)
				EditorAssembliesLoaded (0ms)
			ExecutionOrderSort2 (0ms)
			AwakeInstancesAfterBackupRestoration (0ms)
Platform modules already initialized, skipping
Registering precompiled user dll's ...
Registered in 0.007599 seconds.
Begin MonoManager ReloadAssembly
Symbol file LoadedFromMemory doesn't match image C:\Users\Gregory\Source\Repos\TalonsPass\TalonsPass2\Library\PackageCache\com.unity.visualscripting@1.7.8\Editor\VisualScripting.Core\Dependencies\YamlDotNet\Unity.VisualScripting.YamlDotNet.dll
Symbol file LoadedFromMemory doesn't match image C:\Users\Gregory\Source\Repos\TalonsPass\TalonsPass2\Library\PackageCache\com.unity.visualscripting@1.7.8\Editor\VisualScripting.Core\Dependencies\DotNetZip\Unity.VisualScripting.IonicZip.dll
Native extension for WindowsStandalone target not found
Refreshing native plugins compatible for Editor in 0.70 ms, found 3 plugins.
Preloading 0 native plugins for Editor in 0.00 ms.
Mono: successfully reloaded assembly
- Completed reload, in  0.911 seconds
Domain Reload Profiling:
	ReloadAssembly (912ms)
		BeginReloadAssembly (106ms)
			ExecutionOrderSort (0ms)
			DisableScriptedObjects (5ms)
			BackupInstance (0ms)
			ReleaseScriptingObjects (0ms)
			CreateAndSetChildDomain (17ms)
		EndReloadAssembly (704ms)
			LoadAssemblies (91ms)
			RebuildTransferFunctionScriptingTraits (0ms)
			SetupTypeCache (229ms)
			ReleaseScriptCaches (1ms)
			RebuildScriptCaches (44ms)
			SetupLoadedEditorAssemblies (316ms)
				LogAssemblyErrors (0ms)
				InitializePlatformSupportModulesInManaged (4ms)
				SetLoadedEditorAssemblies (0ms)
				RefreshPlugins (1ms)
				BeforeProcessingInitializeOnLoad (80ms)
				ProcessInitializeOnLoadAttributes (201ms)
				ProcessInitializeOnLoadMethodAttributes (25ms)
				AfterProcessingInitializeOnLoad (5ms)
				EditorAssembliesLoaded (0ms)
			ExecutionOrderSort2 (0ms)
			AwakeInstancesAfterBackupRestoration (5ms)
Platform modules already initialized, skipping
========================================================================
Worker process is ready to serve import requests
Launched and connected shader compiler UnityShaderCompiler.exe after 0.05 seconds
Refreshing native plugins compatible for Editor in 0.69 ms, found 3 plugins.
Preloading 0 native plugins for Editor in 0.00 ms.
Unloading 3495 Unused Serialized files (Serialized files now loaded: 0)
Unloading 27 unused Assets / (111.1 KB). Loaded Objects now: 3956.
Memory consumption went from 122.2 MB to 122.1 MB.
Total: 2.767000 ms (FindLiveObjects: 0.290900 ms CreateObjectMapping: 0.090000 ms MarkObjects: 2.288600 ms  DeleteObjects: 0.096600 ms)

AssetImportParameters requested are different than current active one (requested -> active):
  custom:video-decoder-ogg-theora: a1e56fd34408186e4bbccfd4996cb3dc -> 
  custom:container-muxer-webm: aa71ff27fc2769a1b78a27578f13a17b -> 
  custom:container-demuxer-webm: 4f35f7cbe854078d1ac9338744f61a02 -> 
  custom:video-encoder-webm-vp8: eb34c28f22e8b96e1ab97ce403110664 -> 
  custom:audio-encoder-webm-vorbis: bf7c407c2cedff20999df2af8eb42d56 -> 
  custom:framework-win-MediaFoundation: 216162199b28c13a410421893ffa2e32 -> 
  custom:container-demuxer-ogg: 62fdf1f143b41e24485cea50d1cbac27 -> 
  custom:video-decoder-webm-vp8: 9c59270c3fd7afecdb556c50c9e8de78 -> 
  custom:audio-decoder-ogg-vorbis: bf7c407c2cedff20999df2af8eb42d56 -> 
========================================================================
Received Import Request.
  Time since last request: 18915.298134 seconds.
  path: Assets/PolygonWesternFrontier/Prefabs/Environments/SM_Env_Mine_Track_Base_Angled_04.prefab
  artifactKey: Guid(7fe63fa19b5f07d44adcbe997dd8cdfa) Importer(815301076,1909f56bfc062723c751e8b465ee728b)
Start importing Assets/PolygonWesternFrontier/Prefabs/Environments/SM_Env_Mine_Track_Base_Angled_04.prefab using Guid(7fe63fa19b5f07d44adcbe997dd8cdfa) Importer(815301076,1909f56bfc062723c751e8b465ee728b)  -> (artifact id: '905e193237855460c4d28d41d0339fc6') in 0.125057 seconds 
========================================================================
Received Import Request.
  Time since last request: 0.000019 seconds.
  path: Assets/PolygonWesternFrontier/Prefabs/Environments/SM_Env_Mine_Track_Frame_Base_01.prefab
  artifactKey: Guid(4729b819f95017a47b4eb118683275ed) Importer(815301076,1909f56bfc062723c751e8b465ee728b)
Start importing Assets/PolygonWesternFrontier/Prefabs/Environments/SM_Env_Mine_Track_Frame_Base_01.prefab using Guid(4729b819f95017a47b4eb118683275ed) Importer(815301076,1909f56bfc062723c751e8b465ee728b)  -> (artifact id: 'd9a0309da12920d8592bc537ffb8166e') in 0.019940 seconds 
========================================================================
Received Import Request.
  Time since last request: 0.000016 seconds.
  path: Assets/PolygonWesternFrontier/Prefabs/Environments/SM_Env_Mine_Entrance_Blocked_01.prefab
  artifactKey: Guid(4749c38a28ca9a84cb6acafbec18fb30) Importer(815301076,1909f56bfc062723c751e8b465ee728b)
Start importing Assets/PolygonWesternFrontier/Prefabs/Environments/SM_Env_Mine_Entrance_Blocked_01.prefab using Guid(4749c38a28ca9a84cb6acafbec18fb30) Importer(815301076,1909f56bfc062723c751e8b465ee728b)  -> (artifact id: '1cf0a2607bafb063043da003b47dd207') in 0.016608 seconds 
========================================================================
Received Import Request.
  Time since last request: 0.000018 seconds.
  path: Assets/PolygonWesternFrontier/Prefabs/Environments/SM_Env_Mine_Tunnel_01.prefab
  artifactKey: Guid(27dfb855aeeb4794aa52f95bf953d46a) Importer(815301076,1909f56bfc062723c751e8b465ee728b)
Start importing Assets/PolygonWesternFrontier/Prefabs/Environments/SM_Env_Mine_Tunnel_01.prefab using Guid(27dfb855aeeb4794aa52f95bf953d46a) Importer(815301076,1909f56bfc062723c751e8b465ee728b)  -> (artifact id: '55c88cee4db9428d33defeb909519a7d') in 0.015343 seconds 
========================================================================
Received Import Request.
  Time since last request: 0.000016 seconds.
  path: Assets/PolygonWesternFrontier/Prefabs/Environments/SM_Env_Mine_Tunnel_Angled_01.prefab
  artifactKey: Guid(bdaef464d44289d4d96c5271d969fdb5) Importer(815301076,1909f56bfc062723c751e8b465ee728b)
Start importing Assets/PolygonWesternFrontier/Prefabs/Environments/SM_Env_Mine_Tunnel_Angled_01.prefab using Guid(bdaef464d44289d4d96c5271d969fdb5) Importer(815301076,1909f56bfc062723c751e8b465ee728b)  -> (artifact id: '03bba0a13d463bb468a2cee019a744a6') in 0.012718 seconds 
========================================================================
Received Import Request.
  Time since last request: 0.000016 seconds.
  path: Assets/PolygonWesternFrontier/Prefabs/Environments/SM_Env_Mine_Track_Frame_03.prefab
  artifactKey: Guid(fa9e908ac34c898438889447deecec1f) Importer(815301076,1909f56bfc062723c751e8b465ee728b)
Start importing Assets/PolygonWesternFrontier/Prefabs/Environments/SM_Env_Mine_Track_Frame_03.prefab using Guid(fa9e908ac34c898438889447deecec1f) Importer(815301076,1909f56bfc062723c751e8b465ee728b)  -> (artifact id: 'e404a5982a536176dd8ba549d1d298a1') in 0.015728 seconds 
========================================================================
Received Import Request.
  Time since last request: 0.000018 seconds.
  path: Assets/PolygonWesternFrontier/Prefabs/Environments/SM_Env_Mound_Large_02.prefab
  artifactKey: Guid(f877ba9d08fd65b4c9a2195c29d46043) Importer(815301076,1909f56bfc062723c751e8b465ee728b)
Start importing Assets/PolygonWesternFrontier/Prefabs/Environments/SM_Env_Mound_Large_02.prefab using Guid(f877ba9d08fd65b4c9a2195c29d46043) Importer(815301076,1909f56bfc062723c751e8b465ee728b)  -> (artifact id: '71dfdc54061ddeedb93d7d78afb90229') in 0.012413 seconds 
========================================================================
Received Import Request.
  Time since last request: 0.000027 seconds.
  path: Assets/PolygonWesternFrontier/Prefabs/Environments/SM_Env_Mine_Track_Base_Frame_01.prefab
  artifactKey: Guid(805de981dd5ef9d47b41ed1ff4eaac57) Importer(815301076,1909f56bfc062723c751e8b465ee728b)
Start importing Assets/PolygonWesternFrontier/Prefabs/Environments/SM_Env_Mine_Track_Base_Frame_01.prefab using Guid(805de981dd5ef9d47b41ed1ff4eaac57) Importer(815301076,1909f56bfc062723c751e8b465ee728b)  -> (artifact id: 'eb743325257966f1d185994819416564') in 0.012470 seconds 
========================================================================
Received Import Request.
  Time since last request: 0.000017 seconds.
  path: Assets/PolygonWesternFrontier/Prefabs/Environments/SM_Env_Mound_Hill_02.prefab
  artifactKey: Guid(966b33e4a5f694f49b91126445255337) Importer(815301076,1909f56bfc062723c751e8b465ee728b)
Start importing Assets/PolygonWesternFrontier/Prefabs/Environments/SM_Env_Mound_Hill_02.prefab using Guid(966b33e4a5f694f49b91126445255337) Importer(815301076,1909f56bfc062723c751e8b465ee728b)  -> (artifact id: '9505fed87e4caf40175e24867128d0a6') in 0.011715 seconds 
========================================================================
Received Import Request.
  Time since last request: 0.000017 seconds.
  path: Assets/PolygonWesternFrontier/Prefabs/Environments/SM_Env_Mine_Track_Base_01.prefab
  artifactKey: Guid(7890725f877234747b4ab548c9fed02d) Importer(815301076,1909f56bfc062723c751e8b465ee728b)
Start importing Assets/PolygonWesternFrontier/Prefabs/Environments/SM_Env_Mine_Track_Base_01.prefab using Guid(7890725f877234747b4ab548c9fed02d) Importer(815301076,1909f56bfc062723c751e8b465ee728b)  -> (artifact id: '08f12590ba5a9bd258954db8ddbbc133') in 0.013389 seconds 
========================================================================
Received Import Request.
  Time since last request: 0.000019 seconds.
  path: Assets/PolygonWesternFrontier/Prefabs/Environments/SM_Env_Mine_Track_End_02.prefab
  artifactKey: Guid(ca1406c13b9a9724cb7e508064046e67) Importer(815301076,1909f56bfc062723c751e8b465ee728b)
Start importing Assets/PolygonWesternFrontier/Prefabs/Environments/SM_Env_Mine_Track_End_02.prefab using Guid(ca1406c13b9a9724cb7e508064046e67) Importer(815301076,1909f56bfc062723c751e8b465ee728b)  -> (artifact id: '967027262cddb8a15e41e7b60e4e76f1') in 0.013856 seconds 
========================================================================
Received Import Request.
  Time since last request: 0.000015 seconds.
  path: Assets/PolygonWesternFrontier/Prefabs/Environments/SM_Env_Mine_Framing_02.prefab
  artifactKey: Guid(4da48666d2c6f864f9ab8041a1638a05) Importer(815301076,1909f56bfc062723c751e8b465ee728b)
Start importing Assets/PolygonWesternFrontier/Prefabs/Environments/SM_Env_Mine_Framing_02.prefab using Guid(4da48666d2c6f864f9ab8041a1638a05) Importer(815301076,1909f56bfc062723c751e8b465ee728b)  -> (artifact id: '5b68f5c35ab691fbba1d525cdd0a26a6') in 0.014047 seconds 
========================================================================
Received Import Request.
  Time since last request: 0.000017 seconds.
  path: Assets/PolygonWesternFrontier/Prefabs/Environments/SM_Env_Birch_03.prefab
  artifactKey: Guid(a3a24ab8c9090b24c9f6c0b22c275779) Importer(815301076,1909f56bfc062723c751e8b465ee728b)
Start importing Assets/PolygonWesternFrontier/Prefabs/Environments/SM_Env_Birch_03.prefab using Guid(a3a24ab8c9090b24c9f6c0b22c275779) Importer(815301076,1909f56bfc062723c751e8b465ee728b)  -> (artifact id: '58083afef7463e345a247671520e00a0') in 0.013611 seconds 
========================================================================
Received Import Request.
  Time since last request: 0.000018 seconds.
  path: Assets/PolygonWesternFrontier/Prefabs/Environments/SM_Env_Bridge_01.prefab
  artifactKey: Guid(4be44d65222c7504c8c7afc3480a45c7) Importer(815301076,1909f56bfc062723c751e8b465ee728b)
Start importing Assets/PolygonWesternFrontier/Prefabs/Environments/SM_Env_Bridge_01.prefab using Guid(4be44d65222c7504c8c7afc3480a45c7) Importer(815301076,1909f56bfc062723c751e8b465ee728b)  -> (artifact id: '3e64100e97c794f523a2ce7e2c99f265') in 0.015158 seconds 
========================================================================
Received Import Request.
  Time since last request: 0.000017 seconds.
  path: Assets/PolygonWesternFrontier/Prefabs/Environments/SM_Env_Birch_02.prefab
  artifactKey: Guid(6180ad1adc58bc54c8f0dc578836acd9) Importer(815301076,1909f56bfc062723c751e8b465ee728b)
Start importing Assets/PolygonWesternFrontier/Prefabs/Environments/SM_Env_Birch_02.prefab using Guid(6180ad1adc58bc54c8f0dc578836acd9) Importer(815301076,1909f56bfc062723c751e8b465ee728b)  -> (artifact id: '1b7c940d5f889f484cf0d224a12e5541') in 0.015230 seconds 
========================================================================
Received Import Request.
  Time since last request: 0.000026 seconds.
  path: Assets/PolygonWesternFrontier/Prefabs/Environments/SM_Env_Mine_Track_Ending_Block_01.prefab
  artifactKey: Guid(e9ae61f6b450958418f813c3d5cfe8b7) Importer(815301076,1909f56bfc062723c751e8b465ee728b)
Start importing Assets/PolygonWesternFrontier/Prefabs/Environments/SM_Env_Mine_Track_Ending_Block_01.prefab using Guid(e9ae61f6b450958418f813c3d5cfe8b7) Importer(815301076,1909f56bfc062723c751e8b465ee728b)  -> (artifact id: 'bed69236ec459945b2240032c73f064a') in 0.015195 seconds 
========================================================================
Received Import Request.
  Time since last request: 0.000018 seconds.
  path: Assets/PolygonWesternFrontier/Prefabs/Environments/SM_Env_Mine_Track_Straight_02.prefab
  artifactKey: Guid(3088f782b47dd7e409940eeb8129ce17) Importer(815301076,1909f56bfc062723c751e8b465ee728b)
Start importing Assets/PolygonWesternFrontier/Prefabs/Environments/SM_Env_Mine_Track_Straight_02.prefab using Guid(3088f782b47dd7e409940eeb8129ce17) Importer(815301076,1909f56bfc062723c751e8b465ee728b)  -> (artifact id: '558d1cbbfdfd053df9524d3e5fca7ed5') in 0.012508 seconds 
========================================================================
Received Import Request.
  Time since last request: 0.000014 seconds.
  path: Assets/PolygonWesternFrontier/Prefabs/Environments/SM_Env_Mine_Track_Split_01.prefab
  artifactKey: Guid(6209daa27be39b94b8d423341bcb4a5c) Importer(815301076,1909f56bfc062723c751e8b465ee728b)
Start importing Assets/PolygonWesternFrontier/Prefabs/Environments/SM_Env_Mine_Track_Split_01.prefab using Guid(6209daa27be39b94b8d423341bcb4a5c) Importer(815301076,1909f56bfc062723c751e8b465ee728b)  -> (artifact id: '012ebaaf34c6cb0e3df31d01b966f87b') in 0.012739 seconds 
========================================================================
Received Import Request.
  Time since last request: 0.000019 seconds.
  path: Assets/PolygonWesternFrontier/Prefabs/Environments/SM_Env_Cactus_Large_08.prefab
  artifactKey: Guid(664e0bb2223cb984b8aa1dd6fdb254f3) Importer(815301076,1909f56bfc062723c751e8b465ee728b)
Start importing Assets/PolygonWesternFrontier/Prefabs/Environments/SM_Env_Cactus_Large_08.prefab using Guid(664e0bb2223cb984b8aa1dd6fdb254f3) Importer(815301076,1909f56bfc062723c751e8b465ee728b)  -> (artifact id: 'd3656c57126fdc0b9ee7dd37df1a871e') in 0.013997 seconds 
========================================================================
Received Import Request.
  Time since last request: 0.000016 seconds.
  path: Assets/PolygonWesternFrontier/Prefabs/Environments/SM_Env_Mine_Track_Angled_03.prefab
  artifactKey: Guid(c41fefb2ed2626741b5d5acf162f2a19) Importer(815301076,1909f56bfc062723c751e8b465ee728b)
Start importing Assets/PolygonWesternFrontier/Prefabs/Environments/SM_Env_Mine_Track_Angled_03.prefab using Guid(c41fefb2ed2626741b5d5acf162f2a19) Importer(815301076,1909f56bfc062723c751e8b465ee728b)  -> (artifact id: '63584858e14978773516b401307704f9') in 0.013432 seconds 
========================================================================
Received Import Request.
  Time since last request: 0.000019 seconds.
  path: Assets/PolygonWesternFrontier/Prefabs/Environments/SM_Env_Flower_01.prefab
  artifactKey: Guid(cba16cba00e8ec84f9ea582df90a731c) Importer(815301076,1909f56bfc062723c751e8b465ee728b)
Start importing Assets/PolygonWesternFrontier/Prefabs/Environments/SM_Env_Flower_01.prefab using Guid(cba16cba00e8ec84f9ea582df90a731c) Importer(815301076,1909f56bfc062723c751e8b465ee728b)  -> (artifact id: '1019eeaa38d55bc51fcb63c098cd7848') in 0.012907 seconds 
========================================================================
Received Import Request.
  Time since last request: 0.000014 seconds.
  path: Assets/PolygonWesternFrontier/Prefabs/Environments/SM_Env_Mine_Entrance_01.prefab
  artifactKey: Guid(16b5d3c8611efd5408272a85acbafeb4) Importer(815301076,1909f56bfc062723c751e8b465ee728b)
Start importing Assets/PolygonWesternFrontier/Prefabs/Environments/SM_Env_Mine_Entrance_01.prefab using Guid(16b5d3c8611efd5408272a85acbafeb4) Importer(815301076,1909f56bfc062723c751e8b465ee728b)  -> (artifact id: 'b9850b19b9a9e7fbee8bb50412b17465') in 0.015139 seconds 
========================================================================
Received Import Request.
  Time since last request: 0.000018 seconds.
  path: Assets/PolygonWesternFrontier/Prefabs/Environments/SM_Env_Mine_Track_Frame_04.prefab
  artifactKey: Guid(bb085579d187b3d4897e0b24b99590bf) Importer(815301076,1909f56bfc062723c751e8b465ee728b)
Start importing Assets/PolygonWesternFrontier/Prefabs/Environments/SM_Env_Mine_Track_Frame_04.prefab using Guid(bb085579d187b3d4897e0b24b99590bf) Importer(815301076,1909f56bfc062723c751e8b465ee728b)  -> (artifact id: '6a4e4d62f2cbb5bbbe2941434ea708c8') in 0.013432 seconds 
========================================================================
Received Import Request.
  Time since last request: 0.000016 seconds.
  path: Assets/PolygonWesternFrontier/Prefabs/Environments/SM_Env_Cactus_02.prefab
  artifactKey: Guid(7afcd92debc5e7741982b7225f83930d) Importer(815301076,1909f56bfc062723c751e8b465ee728b)
Start importing Assets/PolygonWesternFrontier/Prefabs/Environments/SM_Env_Cactus_02.prefab using Guid(7afcd92debc5e7741982b7225f83930d) Importer(815301076,1909f56bfc062723c751e8b465ee728b)  -> (artifact id: '89aff6b6d407e2d0da924301d30d6909') in 0.013454 seconds 
========================================================================
Received Import Request.
  Time since last request: 0.000024 seconds.
  path: Assets/PolygonWesternFrontier/Prefabs/Environments/SM_Env_Mine_Framing_01.prefab
  artifactKey: Guid(cb95140aea08eba4f941866bb3946367) Importer(815301076,1909f56bfc062723c751e8b465ee728b)
Start importing Assets/PolygonWesternFrontier/Prefabs/Environments/SM_Env_Mine_Framing_01.prefab using Guid(cb95140aea08eba4f941866bb3946367) Importer(815301076,1909f56bfc062723c751e8b465ee728b)  -> (artifact id: 'a872ecd3ef02807810f57ebaebd9cdf0') in 0.012923 seconds 
========================================================================
Received Import Request.
  Time since last request: 0.000019 seconds.
  path: Assets/PolygonWesternFrontier/Prefabs/Environments/SM_Env_Mine_Track_Base_Angled_01.prefab
  artifactKey: Guid(252364203324ab742af247d33fdd39ed) Importer(815301076,1909f56bfc062723c751e8b465ee728b)
Start importing Assets/PolygonWesternFrontier/Prefabs/Environments/SM_Env_Mine_Track_Base_Angled_01.prefab using Guid(252364203324ab742af247d33fdd39ed) Importer(815301076,1909f56bfc062723c751e8b465ee728b)  -> (artifact id: 'a9f597c56076b94d0771b1a5d11833bd') in 0.013917 seconds 
========================================================================
Received Import Request.
  Time since last request: 0.000016 seconds.
  path: Assets/PolygonWesternFrontier/Prefabs/Environments/SM_Env_Cactus_Large_01.prefab
  artifactKey: Guid(5062c27c7d396614c96b4d09d814f40d) Importer(815301076,1909f56bfc062723c751e8b465ee728b)
Start importing Assets/PolygonWesternFrontier/Prefabs/Environments/SM_Env_Cactus_Large_01.prefab using Guid(5062c27c7d396614c96b4d09d814f40d) Importer(815301076,1909f56bfc062723c751e8b465ee728b)  -> (artifact id: '2746ecd68fa14b342ea86165473a11d6') in 0.014313 seconds 
========================================================================
Received Import Request.
  Time since last request: 0.000017 seconds.
  path: Assets/PolygonWesternFrontier/Prefabs/Environments/SM_Env_Mine_Track_Base_Angled_02.prefab
  artifactKey: Guid(d67f71dba641854489ddc37c5b569b3f) Importer(815301076,1909f56bfc062723c751e8b465ee728b)
Start importing Assets/PolygonWesternFrontier/Prefabs/Environments/SM_Env_Mine_Track_Base_Angled_02.prefab using Guid(d67f71dba641854489ddc37c5b569b3f) Importer(815301076,1909f56bfc062723c751e8b465ee728b)  -> (artifact id: '1339d165a645046184368f6432d3abdc') in 0.012794 seconds 
========================================================================
Received Import Request.
  Time since last request: 0.000016 seconds.
  path: Assets/PolygonWesternFrontier/Prefabs/Environments/SM_Env_Mine_Track_Base_02.prefab
  artifactKey: Guid(39b479151d1d8d94e99ec3b8825527f3) Importer(815301076,1909f56bfc062723c751e8b465ee728b)
Start importing Assets/PolygonWesternFrontier/Prefabs/Environments/SM_Env_Mine_Track_Base_02.prefab using Guid(39b479151d1d8d94e99ec3b8825527f3) Importer(815301076,1909f56bfc062723c751e8b465ee728b)  -> (artifact id: 'b378b70617c7da9548fe08a30f5b317c') in 0.013085 seconds 
========================================================================
Received Import Request.
  Time since last request: 0.000013 seconds.
  path: Assets/PolygonWesternFrontier/Prefabs/Environments/SM_Env_Birch_01.prefab
  artifactKey: Guid(795de2f76bffdc448a2826baf634bfeb) Importer(815301076,1909f56bfc062723c751e8b465ee728b)
Start importing Assets/PolygonWesternFrontier/Prefabs/Environments/SM_Env_Birch_01.prefab using Guid(795de2f76bffdc448a2826baf634bfeb) Importer(815301076,1909f56bfc062723c751e8b465ee728b)  -> (artifact id: 'f69a11c25449e24461ede939fc69f992') in 0.013980 seconds 
========================================================================
Received Import Request.
  Time since last request: 0.000015 seconds.
  path: Assets/PolygonWesternFrontier/Prefabs/Environments/SM_Env_Mine_Wall_Angled_01.prefab
  artifactKey: Guid(7f418007342fb5042a414e9c4577c8fd) Importer(815301076,1909f56bfc062723c751e8b465ee728b)
Start importing Assets/PolygonWesternFrontier/Prefabs/Environments/SM_Env_Mine_Wall_Angled_01.prefab using Guid(7f418007342fb5042a414e9c4577c8fd) Importer(815301076,1909f56bfc062723c751e8b465ee728b)  -> (artifact id: '263194fb419ed7a3206073e3e009ada8') in 0.013389 seconds 
========================================================================
Received Import Request.
  Time since last request: 0.000016 seconds.
  path: Assets/PolygonWesternFrontier/Prefabs/Environments/SM_Env_Birch_Clump_01.prefab
  artifactKey: Guid(f78ba52abccf61b40afb62e3fde18b5d) Importer(815301076,1909f56bfc062723c751e8b465ee728b)
Start importing Assets/PolygonWesternFrontier/Prefabs/Environments/SM_Env_Birch_Clump_01.prefab using Guid(f78ba52abccf61b40afb62e3fde18b5d) Importer(815301076,1909f56bfc062723c751e8b465ee728b)  -> (artifact id: '02eaa474dc534dfa2cf5d1c066e8c62c') in 0.013218 seconds 
========================================================================
Received Import Request.
  Time since last request: 0.000022 seconds.
  path: Assets/PolygonWesternFrontier/Prefabs/Environments/SM_Env_Mine_Track_T_Section_01.prefab
  artifactKey: Guid(cfe68cbb40b200844b624467886c8d40) Importer(815301076,1909f56bfc062723c751e8b465ee728b)
Start importing Assets/PolygonWesternFrontier/Prefabs/Environments/SM_Env_Mine_Track_T_Section_01.prefab using Guid(cfe68cbb40b200844b624467886c8d40) Importer(815301076,1909f56bfc062723c751e8b465ee728b)  -> (artifact id: '5d96ccaea824d60e3275b2bbbc31b784') in 0.015296 seconds 
========================================================================
Received Import Request.
  Time since last request: 0.000017 seconds.
  path: Assets/PolygonWesternFrontier/Prefabs/Environments/SM_Env_Mine_Tunnel_Blocker_01.prefab
  artifactKey: Guid(982496eb2aa50524ab3046b64659ca36) Importer(815301076,1909f56bfc062723c751e8b465ee728b)
Start importing Assets/PolygonWesternFrontier/Prefabs/Environments/SM_Env_Mine_Tunnel_Blocker_01.prefab using Guid(982496eb2aa50524ab3046b64659ca36) Importer(815301076,1909f56bfc062723c751e8b465ee728b)  -> (artifact id: '32c1799494c596efd05cb996103edf98') in 0.014231 seconds 
========================================================================
Received Import Request.
  Time since last request: 0.000015 seconds.
  path: Assets/PolygonWesternFrontier/Prefabs/Environments/SM_Env_Mine_Wall_02.prefab
  artifactKey: Guid(d245fd157cf756a40a93cf38c658a0b8) Importer(815301076,1909f56bfc062723c751e8b465ee728b)
Start importing Assets/PolygonWesternFrontier/Prefabs/Environments/SM_Env_Mine_Wall_02.prefab using Guid(d245fd157cf756a40a93cf38c658a0b8) Importer(815301076,1909f56bfc062723c751e8b465ee728b)  -> (artifact id: '914dae19ba9b4b5ee558014da6ff6492') in 0.013408 seconds 
========================================================================
Received Import Request.
  Time since last request: 0.000016 seconds.
  path: Assets/PolygonWesternFrontier/Prefabs/Environments/SM_Env_Mine_Tunnel_03.prefab
  artifactKey: Guid(a588904ff38b55c458ecc7c79d4199d2) Importer(815301076,1909f56bfc062723c751e8b465ee728b)
Start importing Assets/PolygonWesternFrontier/Prefabs/Environments/SM_Env_Mine_Tunnel_03.prefab using Guid(a588904ff38b55c458ecc7c79d4199d2) Importer(815301076,1909f56bfc062723c751e8b465ee728b)  -> (artifact id: '7e3cc305e50bcedd940184a42a677dec') in 0.013179 seconds 
========================================================================
Received Import Request.
  Time since last request: 0.000019 seconds.
  path: Assets/PolygonWesternFrontier/Prefabs/Environments/SM_Env_Mine_Tunnel_Rocks_01.prefab
  artifactKey: Guid(7d3a6d480813e3248bdc880b04c96ff0) Importer(815301076,1909f56bfc062723c751e8b465ee728b)
Start importing Assets/PolygonWesternFrontier/Prefabs/Environments/SM_Env_Mine_Tunnel_Rocks_01.prefab using Guid(7d3a6d480813e3248bdc880b04c96ff0) Importer(815301076,1909f56bfc062723c751e8b465ee728b)  -> (artifact id: '90015970cfc583c77d3295f00cf4a5b8') in 0.016750 seconds 
========================================================================
Received Import Request.
  Time since last request: 0.000015 seconds.
  path: Assets/PolygonWesternFrontier/Prefabs/Environments/SM_Env_Mound_Hill_01.prefab
  artifactKey: Guid(08597bd00295fd846827c31b194cf867) Importer(815301076,1909f56bfc062723c751e8b465ee728b)
Start importing Assets/PolygonWesternFrontier/Prefabs/Environments/SM_Env_Mound_Hill_01.prefab using Guid(08597bd00295fd846827c31b194cf867) Importer(815301076,1909f56bfc062723c751e8b465ee728b)  -> (artifact id: '324cae58a03dabca4217871a90630c2a') in 0.013897 seconds 
========================================================================
Received Import Request.
  Time since last request: 0.000018 seconds.
  path: Assets/PolygonWesternFrontier/Prefabs/Environments/SM_Env_Cactus_01.prefab
  artifactKey: Guid(a3e1703ed60693740812810c153d2ceb) Importer(815301076,1909f56bfc062723c751e8b465ee728b)
Start importing Assets/PolygonWesternFrontier/Prefabs/Environments/SM_Env_Cactus_01.prefab using Guid(a3e1703ed60693740812810c153d2ceb) Importer(815301076,1909f56bfc062723c751e8b465ee728b)  -> (artifact id: '1fbb9e63eec6232220ce96e53fcfe5a7') in 0.014379 seconds 
========================================================================
Received Import Request.
  Time since last request: 1.210531 seconds.
  path: Assets/PolygonWesternFrontier/Models/SM_Env_Grass_Desert_01.fbx
  artifactKey: Guid(27b7336ce90abd34282e8e37efeb4f97) Importer(815301076,1909f56bfc062723c751e8b465ee728b)
Start importing Assets/PolygonWesternFrontier/Models/SM_Env_Grass_Desert_01.fbx using Guid(27b7336ce90abd34282e8e37efeb4f97) Importer(815301076,1909f56bfc062723c751e8b465ee728b)  -> (artifact id: '998445e78bfed8bcfce1ed83eec33d00') in 0.053183 seconds 
========================================================================
Received Import Request.
  Time since last request: 0.000017 seconds.
  path: Assets/PolygonWesternFrontier/Prefabs/Environments/SM_Env_ShrubGrass_03.prefab
  artifactKey: Guid(10ab7179551ffb242ae614a8687d2d13) Importer(815301076,1909f56bfc062723c751e8b465ee728b)
Start importing Assets/PolygonWesternFrontier/Prefabs/Environments/SM_Env_ShrubGrass_03.prefab using Guid(10ab7179551ffb242ae614a8687d2d13) Importer(815301076,1909f56bfc062723c751e8b465ee728b)  -> (artifact id: 'eb345bef93f80dcfd31d5b2095cd38a6') in 0.013206 seconds 
========================================================================
Received Import Request.
  Time since last request: 0.000024 seconds.
  path: Assets/PolygonWesternFrontier/Models/SM_Env_ShrubGrass_01.fbx
  artifactKey: Guid(cc509606fc8986c44a1fa04609fda746) Importer(815301076,1909f56bfc062723c751e8b465ee728b)
Start importing Assets/PolygonWesternFrontier/Models/SM_Env_ShrubGrass_01.fbx using Guid(cc509606fc8986c44a1fa04609fda746) Importer(815301076,1909f56bfc062723c751e8b465ee728b)  -> (artifact id: '9594ddbe1acd9b7af5530654ad6a6e45') in 0.014525 seconds 
========================================================================
Received Import Request.
  Time since last request: 0.000024 seconds.
  path: Assets/PolygonWesternFrontier/Prefabs/Environments/SM_Env_ShrubGrass_01.prefab
  artifactKey: Guid(65b84d74a62057c4093c5566e0c0f07f) Importer(815301076,1909f56bfc062723c751e8b465ee728b)
Start importing Assets/PolygonWesternFrontier/Prefabs/Environments/SM_Env_ShrubGrass_01.prefab using Guid(65b84d74a62057c4093c5566e0c0f07f) Importer(815301076,1909f56bfc062723c751e8b465ee728b)  -> (artifact id: '7381365f3c9c83e8f2268c29701c823d') in 0.012503 seconds 
========================================================================
Received Import Request.
  Time since last request: 0.000016 seconds.
  path: Assets/PolygonWesternFrontier/Prefabs/Environments/SM_Env_Quarry_Ground_01.prefab
  artifactKey: Guid(adccccfa5a6216842b49687e3a76f2ba) Importer(815301076,1909f56bfc062723c751e8b465ee728b)
Start importing Assets/PolygonWesternFrontier/Prefabs/Environments/SM_Env_Quarry_Ground_01.prefab using Guid(adccccfa5a6216842b49687e3a76f2ba) Importer(815301076,1909f56bfc062723c751e8b465ee728b)  -> (artifact id: '53864de88890e93d736408e958f6f22d') in 0.012433 seconds 
========================================================================
Received Import Request.
  Time since last request: 0.000018 seconds.
  path: Assets/PolygonWesternFrontier/Models/CollisionConvex/SM_Env_ShrubGrass_01_Convex.asset
  artifactKey: Guid(934c2cbd9225a4040ba3942eeb664087) Importer(815301076,1909f56bfc062723c751e8b465ee728b)
Start importing Assets/PolygonWesternFrontier/Models/CollisionConvex/SM_Env_ShrubGrass_01_Convex.asset using Guid(934c2cbd9225a4040ba3942eeb664087) Importer(815301076,1909f56bfc062723c751e8b465ee728b)  -> (artifact id: 'a3fdea1c64a7686cb3dbecd3b789d8fc') in 0.012239 seconds 
========================================================================
Received Import Request.
  Time since last request: 0.000014 seconds.
  path: Assets/PolygonWesternFrontier/Models/SM_Env_Grass_Shrub_01.fbx
  artifactKey: Guid(cf52ba119ee0f4f4989badb8b320cb8c) Importer(815301076,1909f56bfc062723c751e8b465ee728b)
Start importing Assets/PolygonWesternFrontier/Models/SM_Env_Grass_Shrub_01.fbx using Guid(cf52ba119ee0f4f4989badb8b320cb8c) Importer(815301076,1909f56bfc062723c751e8b465ee728b)  -> (artifact id: 'dbba2c6961e7365133a27db952e93b9d') in 0.015338 seconds 
========================================================================
Received Import Request.
  Time since last request: 0.000019 seconds.
  path: Assets/PolygonWesternFrontier/Prefabs/Environments/SM_Env_ShrubGrass_02.prefab
  artifactKey: Guid(cd475eb47047a9f4b9c9cb03b0a1f264) Importer(815301076,1909f56bfc062723c751e8b465ee728b)
Start importing Assets/PolygonWesternFrontier/Prefabs/Environments/SM_Env_ShrubGrass_02.prefab using Guid(cd475eb47047a9f4b9c9cb03b0a1f264) Importer(815301076,1909f56bfc062723c751e8b465ee728b)  -> (artifact id: 'e3440493cc7ef2f78a494af789c756a5') in 0.012993 seconds 
========================================================================
Received Import Request.
  Time since last request: 1.619327 seconds.
  path: Assets/PolygonWesternFrontier/Prefabs/Generic/SM_Generic_Ground_02.prefab
  artifactKey: Guid(587bd9bf1b24e8e48871f57877bd50c8) Importer(815301076,1909f56bfc062723c751e8b465ee728b)
Start importing Assets/PolygonWesternFrontier/Prefabs/Generic/SM_Generic_Ground_02.prefab using Guid(587bd9bf1b24e8e48871f57877bd50c8) Importer(815301076,1909f56bfc062723c751e8b465ee728b)  -> (artifact id: '01aaef68af5063a400b5e945a4888efb') in 0.015535 seconds 
========================================================================
Received Import Request.
  Time since last request: 51.256370 seconds.
  path: Assets/PolygonWesternFrontier/Prefabs/Characters/Character_Captain_Male_01.prefab
  artifactKey: Guid(9045014d7c0641e4e82018d4ebbfa022) Importer(815301076,1909f56bfc062723c751e8b465ee728b)
Start importing Assets/PolygonWesternFrontier/Prefabs/Characters/Character_Captain_Male_01.prefab using Guid(9045014d7c0641e4e82018d4ebbfa022) Importer(815301076,1909f56bfc062723c751e8b465ee728b)  -> (artifact id: 'cb93d182ea91f0157bcea119138b497e') in 0.068183 seconds 
========================================================================
Received Import Request.
  Time since last request: 0.000016 seconds.
  path: Assets/PolygonWesternFrontier/Prefabs/Characters/FixedScaleCharacters/Character_Priest_Male_01.prefab
  artifactKey: Guid(6c049a3b6de50ad40a9313fe33d2743f) Importer(815301076,1909f56bfc062723c751e8b465ee728b)
Start importing Assets/PolygonWesternFrontier/Prefabs/Characters/FixedScaleCharacters/Character_Priest_Male_01.prefab using Guid(6c049a3b6de50ad40a9313fe33d2743f) Importer(815301076,1909f56bfc062723c751e8b465ee728b)  -> (artifact id: '3dd1bf8117a6adfd013dda9b08238737') in 0.052310 seconds 
========================================================================
Received Import Request.
  Time since last request: 0.000021 seconds.
  path: Assets/PolygonWesternFrontier/Prefabs/FX/FX_BloodSplat_01.prefab
  artifactKey: Guid(582366dd04f1f604d8f75e4e55c89f3e) Importer(815301076,1909f56bfc062723c751e8b465ee728b)
Start importing Assets/PolygonWesternFrontier/Prefabs/FX/FX_BloodSplat_01.prefab using Guid(582366dd04f1f604d8f75e4e55c89f3e) Importer(815301076,1909f56bfc062723c751e8b465ee728b)  -> (artifact id: '6c40eda8a1371500e7d9ddb9689db302') in 0.020376 seconds 
========================================================================
Received Import Request.
  Time since last request: 113.119983 seconds.
  path: Assets/PolygonWesternFrontier/Prefabs/Environments/SM_Env_Mound_Ramp_01.prefab
  artifactKey: Guid(1ecb1230da8bba242966333944448460) Importer(815301076,1909f56bfc062723c751e8b465ee728b)
Start importing Assets/PolygonWesternFrontier/Prefabs/Environments/SM_Env_Mound_Ramp_01.prefab using Guid(1ecb1230da8bba242966333944448460) Importer(815301076,1909f56bfc062723c751e8b465ee728b)  -> (artifact id: '7fdef8b834b0eb204f026784fe6fb87b') in 0.013238 seconds 
========================================================================
Received Import Request.
  Time since last request: 0.000015 seconds.
  path: Assets/PolygonWesternFrontier/Prefabs/Environments/SM_Env_Quarry_Rocks_02.prefab
  artifactKey: Guid(550c4791e4c1b8646a69984deb9e604c) Importer(815301076,1909f56bfc062723c751e8b465ee728b)
Start importing Assets/PolygonWesternFrontier/Prefabs/Environments/SM_Env_Quarry_Rocks_02.prefab using Guid(550c4791e4c1b8646a69984deb9e604c) Importer(815301076,1909f56bfc062723c751e8b465ee728b)  -> (artifact id: '51082383e27b5675da81bf81dfca4933') in 0.013325 seconds 
========================================================================
Received Import Request.
  Time since last request: 0.000013 seconds.
  path: Assets/PolygonWesternFrontier/Prefabs/Environments/SM_Env_Quarry_Rocks_01.prefab
  artifactKey: Guid(3593f0efca98f5e428576349914b62fb) Importer(815301076,1909f56bfc062723c751e8b465ee728b)
Start importing Assets/PolygonWesternFrontier/Prefabs/Environments/SM_Env_Quarry_Rocks_01.prefab using Guid(3593f0efca98f5e428576349914b62fb) Importer(815301076,1909f56bfc062723c751e8b465ee728b)  -> (artifact id: '717b170139f193abcc020c0af81ba981') in 0.013933 seconds 
========================================================================
Received Import Request.
  Time since last request: 0.000025 seconds.
  path: Assets/PolygonWesternFrontier/Prefabs/Environments/SM_Env_Quarry_Brick_01.prefab
  artifactKey: Guid(13c35ec561511104ab5b7b16b3456656) Importer(815301076,1909f56bfc062723c751e8b465ee728b)
Start importing Assets/PolygonWesternFrontier/Prefabs/Environments/SM_Env_Quarry_Brick_01.prefab using Guid(13c35ec561511104ab5b7b16b3456656) Importer(815301076,1909f56bfc062723c751e8b465ee728b)  -> (artifact id: 'd781ea28c0eef6f1ce0ae372f5877a3d') in 0.011669 seconds 
========================================================================
Received Import Request.
  Time since last request: 0.000033 seconds.
  path: Assets/PolygonWesternFrontier/Prefabs/Environments/SM_Env_Quarry_Wall_End_02.prefab
  artifactKey: Guid(be32cf80c66a1604f9db19bba423d406) Importer(815301076,1909f56bfc062723c751e8b465ee728b)
Start importing Assets/PolygonWesternFrontier/Prefabs/Environments/SM_Env_Quarry_Wall_End_02.prefab using Guid(be32cf80c66a1604f9db19bba423d406) Importer(815301076,1909f56bfc062723c751e8b465ee728b)  -> (artifact id: '3805a512ea1ca8a775d8442f904cab3a') in 0.014161 seconds 
========================================================================
Received Import Request.
  Time since last request: 0.000014 seconds.
  path: Assets/PolygonWesternFrontier/Prefabs/Environments/SM_Env_Mound_Slope_02.prefab
  artifactKey: Guid(7a55c6d3e3e51b540849781156b155f4) Importer(815301076,1909f56bfc062723c751e8b465ee728b)
Start importing Assets/PolygonWesternFrontier/Prefabs/Environments/SM_Env_Mound_Slope_02.prefab using Guid(7a55c6d3e3e51b540849781156b155f4) Importer(815301076,1909f56bfc062723c751e8b465ee728b)  -> (artifact id: '3454bc53da51fccb809c008f61cd6041') in 0.012406 seconds 
========================================================================
Received Import Request.
  Time since last request: 0.000020 seconds.
  path: Assets/PolygonWesternFrontier/Prefabs/Environments/SM_Env_Quarry_Wall_Ramp_01.prefab
  artifactKey: Guid(1b024dd9278e4284ca79ee18e03d0e3b) Importer(815301076,1909f56bfc062723c751e8b465ee728b)
Start importing Assets/PolygonWesternFrontier/Prefabs/Environments/SM_Env_Quarry_Wall_Ramp_01.prefab using Guid(1b024dd9278e4284ca79ee18e03d0e3b) Importer(815301076,1909f56bfc062723c751e8b465ee728b)  -> (artifact id: 'd3f05d836f04a343b4b38e88640d93d9') in 0.014111 seconds 
========================================================================
Received Import Request.
  Time since last request: 0.452694 seconds.
  path: Assets/PolygonWesternFrontier/Prefabs/Environments/SM_Env_Quarry_Wall_Round_01.prefab
  artifactKey: Guid(ec0f20767497057498cbc4988c0f6de7) Importer(815301076,1909f56bfc062723c751e8b465ee728b)
Start importing Assets/PolygonWesternFrontier/Prefabs/Environments/SM_Env_Quarry_Wall_Round_01.prefab using Guid(ec0f20767497057498cbc4988c0f6de7) Importer(815301076,1909f56bfc062723c751e8b465ee728b)  -> (artifact id: '757786ea3d335b02261b08c07223befc') in 0.011530 seconds 
========================================================================
Received Import Request.
  Time since last request: 0.000017 seconds.
  path: Assets/PolygonWesternFrontier/Prefabs/Environments/SM_Env_Reeds_03.prefab
  artifactKey: Guid(4ff69948dc40dcc4c9649855f6c289dc) Importer(815301076,1909f56bfc062723c751e8b465ee728b)
Start importing Assets/PolygonWesternFrontier/Prefabs/Environments/SM_Env_Reeds_03.prefab using Guid(4ff69948dc40dcc4c9649855f6c289dc) Importer(815301076,1909f56bfc062723c751e8b465ee728b)  -> (artifact id: '595cfdb7f77d9d3fc9cc7bb10511b872') in 0.014277 seconds 
========================================================================
Received Import Request.
  Time since last request: 0.000014 seconds.
  path: Assets/PolygonWesternFrontier/Prefabs/Environments/SM_Env_River_Corner_R_01.prefab
  artifactKey: Guid(fccbdf287b03f5d4fac50aac1ae04c8c) Importer(815301076,1909f56bfc062723c751e8b465ee728b)
Start importing Assets/PolygonWesternFrontier/Prefabs/Environments/SM_Env_River_Corner_R_01.prefab using Guid(fccbdf287b03f5d4fac50aac1ae04c8c) Importer(815301076,1909f56bfc062723c751e8b465ee728b)  -> (artifact id: 'cc0790aa1b20c9ec69274e37d47d3e5b') in 0.012592 seconds 
========================================================================
Received Import Request.
  Time since last request: 0.000014 seconds.
  path: Assets/PolygonWesternFrontier/Prefabs/Environments/SM_Env_Road_Straight_01.prefab
  artifactKey: Guid(a8391ee1d4ac4674c94e8458e473b000) Importer(815301076,1909f56bfc062723c751e8b465ee728b)
Start importing Assets/PolygonWesternFrontier/Prefabs/Environments/SM_Env_Road_Straight_01.prefab using Guid(a8391ee1d4ac4674c94e8458e473b000) Importer(815301076,1909f56bfc062723c751e8b465ee728b)  -> (artifact id: 'f0a6ecefb0e34c4ba812c0d8616f7b56') in 0.012024 seconds 
========================================================================
Received Import Request.
  Time since last request: 0.000015 seconds.
  path: Assets/PolygonWesternFrontier/Prefabs/Environments/SM_Env_RockSmall_01.prefab
  artifactKey: Guid(cec4459708e506b448d6befe680ff5d4) Importer(815301076,1909f56bfc062723c751e8b465ee728b)
Start importing Assets/PolygonWesternFrontier/Prefabs/Environments/SM_Env_RockSmall_01.prefab using Guid(cec4459708e506b448d6befe680ff5d4) Importer(815301076,1909f56bfc062723c751e8b465ee728b)  -> (artifact id: '77b6eac6a0f7467e87a2566da988a955') in 0.010909 seconds 
========================================================================
Received Import Request.
  Time since last request: 0.000015 seconds.
  path: Assets/PolygonWesternFrontier/Prefabs/Environments/SM_Env_River_Corner_L_01.prefab
  artifactKey: Guid(838911b3ea584ef4d9c2aececdbccb88) Importer(815301076,1909f56bfc062723c751e8b465ee728b)
Start importing Assets/PolygonWesternFrontier/Prefabs/Environments/SM_Env_River_Corner_L_01.prefab using Guid(838911b3ea584ef4d9c2aececdbccb88) Importer(815301076,1909f56bfc062723c751e8b465ee728b)  -> (artifact id: 'e4eab314b61b5d78a3964ca7cf28dcc4') in 0.011558 seconds 
========================================================================
Received Import Request.
  Time since last request: 0.000015 seconds.
  path: Assets/PolygonWesternFrontier/Prefabs/Environments/SM_Env_RockFlat_03.prefab
  artifactKey: Guid(3b6c2fd1f7c46a040b4d51b86727c535) Importer(815301076,1909f56bfc062723c751e8b465ee728b)
Start importing Assets/PolygonWesternFrontier/Prefabs/Environments/SM_Env_RockFlat_03.prefab using Guid(3b6c2fd1f7c46a040b4d51b86727c535) Importer(815301076,1909f56bfc062723c751e8b465ee728b)  -> (artifact id: '39ecafa0bfa6aa59cc85692681767cd9') in 0.012712 seconds 
========================================================================
Received Import Request.
  Time since last request: 0.000016 seconds.
  path: Assets/PolygonWesternFrontier/Prefabs/Environments/SM_Env_Tree_Clump_02.prefab
  artifactKey: Guid(48d98ed1a3ee61c40b5e93ec9ce16e5f) Importer(815301076,1909f56bfc062723c751e8b465ee728b)
Start importing Assets/PolygonWesternFrontier/Prefabs/Environments/SM_Env_Tree_Clump_02.prefab using Guid(48d98ed1a3ee61c40b5e93ec9ce16e5f) Importer(815301076,1909f56bfc062723c751e8b465ee728b)  -> (artifact id: '2e8edb4360d272eeb3c2f8cf094acbc3') in 0.011329 seconds 
========================================================================
Received Import Request.
  Time since last request: 0.000024 seconds.
  path: Assets/PolygonWesternFrontier/Prefabs/Environments/SM_Env_Shrub_02.prefab
  artifactKey: Guid(b16c28630ec1de546a775d7a6a98eac4) Importer(815301076,1909f56bfc062723c751e8b465ee728b)
Start importing Assets/PolygonWesternFrontier/Prefabs/Environments/SM_Env_Shrub_02.prefab using Guid(b16c28630ec1de546a775d7a6a98eac4) Importer(815301076,1909f56bfc062723c751e8b465ee728b)  -> (artifact id: '42945b3a883fcd6009f0c98296a8f33d') in 0.013053 seconds 
========================================================================
Received Import Request.
  Time since last request: 0.000017 seconds.
  path: Assets/PolygonWesternFrontier/Prefabs/Environments/SM_Env_River_Straight_02.prefab
  artifactKey: Guid(f513ae7c177e5e643b55cc02dfa268ae) Importer(815301076,1909f56bfc062723c751e8b465ee728b)
Start importing Assets/PolygonWesternFrontier/Prefabs/Environments/SM_Env_River_Straight_02.prefab using Guid(f513ae7c177e5e643b55cc02dfa268ae) Importer(815301076,1909f56bfc062723c751e8b465ee728b)  -> (artifact id: '665899269556ae90696ecf4d5a324998') in 0.012205 seconds 
========================================================================
Received Import Request.
  Time since last request: 0.000015 seconds.
  path: Assets/PolygonWesternFrontier/Prefabs/Environments/SM_Env_Tree_Tall_Dead_01.prefab
  artifactKey: Guid(483dd26cff21b6e4dbbf6591d6cc91bf) Importer(815301076,1909f56bfc062723c751e8b465ee728b)
Start importing Assets/PolygonWesternFrontier/Prefabs/Environments/SM_Env_Tree_Tall_Dead_01.prefab using Guid(483dd26cff21b6e4dbbf6591d6cc91bf) Importer(815301076,1909f56bfc062723c751e8b465ee728b)  -> (artifact id: 'f43f739b03be4b2ed24f1fbca06c1d83') in 0.012668 seconds 
========================================================================
Received Import Request.
  Time since last request: 0.000016 seconds.
  path: Assets/PolygonWesternFrontier/Prefabs/Environments/SM_Env_RockFlat_02.prefab
  artifactKey: Guid(e3765b319a26a4e4d89dab3df5bbb566) Importer(815301076,1909f56bfc062723c751e8b465ee728b)
Start importing Assets/PolygonWesternFrontier/Prefabs/Environments/SM_Env_RockFlat_02.prefab using Guid(e3765b319a26a4e4d89dab3df5bbb566) Importer(815301076,1909f56bfc062723c751e8b465ee728b)  -> (artifact id: '71d002063dd42ff598530c050c128b6f') in 0.011718 seconds 
========================================================================
Received Import Request.
  Time since last request: 0.000014 seconds.
  path: Assets/PolygonWesternFrontier/Prefabs/Environments/SM_Env_Quarry_Wall_Straight_03.prefab
  artifactKey: Guid(810525c66cfd69445b9156a243e683ba) Importer(815301076,1909f56bfc062723c751e8b465ee728b)
Start importing Assets/PolygonWesternFrontier/Prefabs/Environments/SM_Env_Quarry_Wall_Straight_03.prefab using Guid(810525c66cfd69445b9156a243e683ba) Importer(815301076,1909f56bfc062723c751e8b465ee728b)  -> (artifact id: '0f81bbbc71fad9333c422caa04998bd8') in 0.011550 seconds 
========================================================================
Received Import Request.
  Time since last request: 0.000015 seconds.
  path: Assets/PolygonWesternFrontier/Prefabs/Environments/SM_Env_TreeStump_01.prefab
  artifactKey: Guid(16d8c21f3f70834418acab8ffa12e407) Importer(815301076,1909f56bfc062723c751e8b465ee728b)
Start importing Assets/PolygonWesternFrontier/Prefabs/Environments/SM_Env_TreeStump_01.prefab using Guid(16d8c21f3f70834418acab8ffa12e407) Importer(815301076,1909f56bfc062723c751e8b465ee728b)  -> (artifact id: 'f447f71cfd458a0e8a14efd24dba6fc4') in 0.013254 seconds 
========================================================================
Received Import Request.
  Time since last request: 0.000013 seconds.
  path: Assets/PolygonWesternFrontier/Prefabs/Environments/SM_Env_RockFlat_05.prefab
  artifactKey: Guid(85747183fe8642241a5a463a25b7c2e7) Importer(815301076,1909f56bfc062723c751e8b465ee728b)
Start importing Assets/PolygonWesternFrontier/Prefabs/Environments/SM_Env_RockFlat_05.prefab using Guid(85747183fe8642241a5a463a25b7c2e7) Importer(815301076,1909f56bfc062723c751e8b465ee728b)  -> (artifact id: '5d9bb6dafc40f8ec0a88b5c78d88bb76') in 0.011415 seconds 
========================================================================
Received Import Request.
  Time since last request: 0.000016 seconds.
  path: Assets/PolygonWesternFrontier/Prefabs/Environments/SM_Env_River_Straight_03.prefab
  artifactKey: Guid(799aab8996beb764fa9d11f63306fe4e) Importer(815301076,1909f56bfc062723c751e8b465ee728b)
Start importing Assets/PolygonWesternFrontier/Prefabs/Environments/SM_Env_River_Straight_03.prefab using Guid(799aab8996beb764fa9d11f63306fe4e) Importer(815301076,1909f56bfc062723c751e8b465ee728b)  -> (artifact id: 'e37457dee9ef7edc5fc24d8319b0b6c9') in 0.012609 seconds 
========================================================================
Received Import Request.
  Time since last request: 0.000015 seconds.
  path: Assets/PolygonWesternFrontier/Prefabs/Environments/SM_Env_Tree_Dead_01.prefab
  artifactKey: Guid(7d8de34e5ef49134da2071a4a9458c81) Importer(815301076,1909f56bfc062723c751e8b465ee728b)
Start importing Assets/PolygonWesternFrontier/Prefabs/Environments/SM_Env_Tree_Dead_01.prefab using Guid(7d8de34e5ef49134da2071a4a9458c81) Importer(815301076,1909f56bfc062723c751e8b465ee728b)  -> (artifact id: '3a0d106db74051215b99753cf49c6ade') in 0.013090 seconds 
========================================================================
Received Import Request.
  Time since last request: 0.000015 seconds.
  path: Assets/PolygonWesternFrontier/Prefabs/Environments/SM_Env_Quarry_Wall_Straight_01.prefab
  artifactKey: Guid(01721643a2f7e7c45a2daba9d93f9095) Importer(815301076,1909f56bfc062723c751e8b465ee728b)
Start importing Assets/PolygonWesternFrontier/Prefabs/Environments/SM_Env_Quarry_Wall_Straight_01.prefab using Guid(01721643a2f7e7c45a2daba9d93f9095) Importer(815301076,1909f56bfc062723c751e8b465ee728b)  -> (artifact id: '7d87eff27c3c94dcde2dd1806c4a307a') in 0.012416 seconds 
========================================================================
Received Import Request.
  Time since last request: 0.000017 seconds.
  path: Assets/PolygonWesternFrontier/Prefabs/Environments/SM_Env_Road_Patch_01.prefab
  artifactKey: Guid(a3c08bd63f85818458cab1fdbd1da162) Importer(815301076,1909f56bfc062723c751e8b465ee728b)
Start importing Assets/PolygonWesternFrontier/Prefabs/Environments/SM_Env_Road_Patch_01.prefab using Guid(a3c08bd63f85818458cab1fdbd1da162) Importer(815301076,1909f56bfc062723c751e8b465ee728b)  -> (artifact id: 'c32b34ca79e75aa659089e482d5116fc') in 0.012435 seconds 
========================================================================
Received Import Request.
  Time since last request: 0.000013 seconds.
  path: Assets/PolygonWesternFrontier/Prefabs/Environments/SM_Env_RockTall_03.prefab
  artifactKey: Guid(9feab419dc1ebe8439a3e79a63c9b46e) Importer(815301076,1909f56bfc062723c751e8b465ee728b)
Start importing Assets/PolygonWesternFrontier/Prefabs/Environments/SM_Env_RockTall_03.prefab using Guid(9feab419dc1ebe8439a3e79a63c9b46e) Importer(815301076,1909f56bfc062723c751e8b465ee728b)  -> (artifact id: '7daa0bb8a79e4a928a2a12a2f09bfa70') in 0.011560 seconds 
========================================================================
Received Import Request.
  Time since last request: 0.000016 seconds.
  path: Assets/PolygonWesternFrontier/Prefabs/Environments/SM_Env_Tree_Desert_02.prefab
  artifactKey: Guid(486c4171b7f88ce46b8f085736eec23f) Importer(815301076,1909f56bfc062723c751e8b465ee728b)
Start importing Assets/PolygonWesternFrontier/Prefabs/Environments/SM_Env_Tree_Desert_02.prefab using Guid(486c4171b7f88ce46b8f085736eec23f) Importer(815301076,1909f56bfc062723c751e8b465ee728b)  -> (artifact id: '6d63b0486b982f37c9312a71a41742ed') in 0.013107 seconds 
========================================================================
Received Import Request.
  Time since last request: 0.000021 seconds.
  path: Assets/PolygonWesternFrontier/Prefabs/Environments/SM_Env_RockSmall_03.prefab
  artifactKey: Guid(40416f6f047a36b49b29f48e2de76762) Importer(815301076,1909f56bfc062723c751e8b465ee728b)
Start importing Assets/PolygonWesternFrontier/Prefabs/Environments/SM_Env_RockSmall_03.prefab using Guid(40416f6f047a36b49b29f48e2de76762) Importer(815301076,1909f56bfc062723c751e8b465ee728b)  -> (artifact id: '286805dfafcdad6d1656485120de8576') in 0.012484 seconds 
========================================================================
Received Import Request.
  Time since last request: 0.000016 seconds.
  path: Assets/PolygonWesternFrontier/Prefabs/Environments/SM_Env_Reeds_02.prefab
  artifactKey: Guid(d569ef382638f10438632174e50f9c1c) Importer(815301076,1909f56bfc062723c751e8b465ee728b)
Start importing Assets/PolygonWesternFrontier/Prefabs/Environments/SM_Env_Reeds_02.prefab using Guid(d569ef382638f10438632174e50f9c1c) Importer(815301076,1909f56bfc062723c751e8b465ee728b)  -> (artifact id: '0036babc8dbc49010d7e9cf35136c026') in 0.013380 seconds 
========================================================================
Received Import Request.
  Time since last request: 0.000017 seconds.
  path: Assets/PolygonWesternFrontier/Prefabs/Environments/SM_Env_River_Corner_L_02.prefab
  artifactKey: Guid(3d5ddc7f6a0cf084bac8a7550a90a68a) Importer(815301076,1909f56bfc062723c751e8b465ee728b)
Start importing Assets/PolygonWesternFrontier/Prefabs/Environments/SM_Env_River_Corner_L_02.prefab using Guid(3d5ddc7f6a0cf084bac8a7550a90a68a) Importer(815301076,1909f56bfc062723c751e8b465ee728b)  -> (artifact id: '82e905b5193a37f61fcd51ff2312e4f6') in 0.011390 seconds 
========================================================================
Received Prepare
Registering precompiled user dll's ...
Registered in 0.007958 seconds.
Begin MonoManager ReloadAssembly
Symbol file LoadedFromMemory doesn't match image C:\Users\Gregory\Source\Repos\TalonsPass\TalonsPass2\Library\PackageCache\com.unity.visualscripting@1.7.8\Editor\VisualScripting.Core\Dependencies\YamlDotNet\Unity.VisualScripting.YamlDotNet.dll
Symbol file LoadedFromMemory doesn't match image C:\Users\Gregory\Source\Repos\TalonsPass\TalonsPass2\Library\PackageCache\com.unity.visualscripting@1.7.8\Editor\VisualScripting.Core\Dependencies\DotNetZip\Unity.VisualScripting.IonicZip.dll
Native extension for WindowsStandalone target not found
Refreshing native plugins compatible for Editor in 0.87 ms, found 3 plugins.
Preloading 0 native plugins for Editor in 0.00 ms.
Mono: successfully reloaded assembly
- Completed reload, in  0.943 seconds
Domain Reload Profiling:
	ReloadAssembly (944ms)
		BeginReloadAssembly (138ms)
			ExecutionOrderSort (0ms)
			DisableScriptedObjects (4ms)
			BackupInstance (0ms)
			ReleaseScriptingObjects (0ms)
			CreateAndSetChildDomain (36ms)
		EndReloadAssembly (702ms)
			LoadAssemblies (104ms)
			RebuildTransferFunctionScriptingTraits (0ms)
			SetupTypeCache (238ms)
			ReleaseScriptCaches (1ms)
			RebuildScriptCaches (37ms)
			SetupLoadedEditorAssemblies (297ms)
				LogAssemblyErrors (0ms)
				InitializePlatformSupportModulesInManaged (14ms)
				SetLoadedEditorAssemblies (0ms)
				RefreshPlugins (1ms)
				BeforeProcessingInitializeOnLoad (61ms)
				ProcessInitializeOnLoadAttributes (188ms)
				ProcessInitializeOnLoadMethodAttributes (27ms)
				AfterProcessingInitializeOnLoad (5ms)
				EditorAssembliesLoaded (0ms)
			ExecutionOrderSort2 (0ms)
			AwakeInstancesAfterBackupRestoration (7ms)
Platform modules already initialized, skipping
Refreshing native plugins compatible for Editor in 2.47 ms, found 3 plugins.
Preloading 0 native plugins for Editor in 0.00 ms.
Unloading 3490 Unused Serialized files (Serialized files now loaded: 0)
Unloading 20 unused Assets / (78.3 KB). Loaded Objects now: 3972.
Memory consumption went from 139.5 MB to 139.5 MB.
Total: 2.961300 ms (FindLiveObjects: 0.301000 ms CreateObjectMapping: 0.080000 ms MarkObjects: 2.492200 ms  DeleteObjects: 0.087200 ms)

AssetImportParameters requested are different than current active one (requested -> active):
  custom:video-decoder-ogg-theora: a1e56fd34408186e4bbccfd4996cb3dc -> 
  custom:container-muxer-webm: aa71ff27fc2769a1b78a27578f13a17b -> 
  custom:container-demuxer-webm: 4f35f7cbe854078d1ac9338744f61a02 -> 
  custom:video-encoder-webm-vp8: eb34c28f22e8b96e1ab97ce403110664 -> 
  custom:audio-encoder-webm-vorbis: bf7c407c2cedff20999df2af8eb42d56 -> 
  custom:framework-win-MediaFoundation: 216162199b28c13a410421893ffa2e32 -> 
  custom:container-demuxer-ogg: 62fdf1f143b41e24485cea50d1cbac27 -> 
  custom:video-decoder-webm-vp8: 9c59270c3fd7afecdb556c50c9e8de78 -> 
  custom:audio-decoder-ogg-vorbis: bf7c407c2cedff20999df2af8eb42d56 -> 
