Using pre-set license
Built from '2021.3/staging' branch; Version is '2021.3.8f1 (b30333d56e81) revision 11731763'; Using compiler version '192829333'; Build Type 'Release'
OS: 'Windows 11  (10.0.22621) 64bit Core' Language: 'en' Physical Memory: 16316 MB
BatchMode: 1, IsHumanControllingUs: 0, StartBugReporterOnCrash: 0, Is64bit: 1, IsPro: 1

COMMAND LINE ARGUMENTS:
C:\Program Files\Unity\Hub\Editor\2021.3.8f1\Editor\Unity.exe
-adb2
-batchMode
-noUpm
-name
AssetImportWorker1
-projectPath
C:/Users/Gregory/Source/Repos/TalonsPass/TalonsPass2
-logFile
Logs/AssetImportWorker1.log
-srvPort
52243
Successfully changed project path to: C:/Users/Gregory/Source/Repos/TalonsPass/TalonsPass2
C:/Users/Gregory/Source/Repos/TalonsPass/TalonsPass2
[UnityMemory] Configuration Parameters - Can be set up in boot.config
    "memorysetup-bucket-allocator-granularity=16"
    "memorysetup-bucket-allocator-bucket-count=8"
    "memorysetup-bucket-allocator-block-size=33554432"
    "memorysetup-bucket-allocator-block-count=8"
    "memorysetup-main-allocator-block-size=16777216"
    "memorysetup-thread-allocator-block-size=16777216"
    "memorysetup-gfx-main-allocator-block-size=16777216"
    "memorysetup-gfx-thread-allocator-block-size=16777216"
    "memorysetup-cache-allocator-block-size=4194304"
    "memorysetup-typetree-allocator-block-size=2097152"
    "memorysetup-profiler-bucket-allocator-granularity=16"
    "memorysetup-profiler-bucket-allocator-bucket-count=8"
    "memorysetup-profiler-bucket-allocator-block-size=33554432"
    "memorysetup-profiler-bucket-allocator-block-count=8"
    "memorysetup-profiler-allocator-block-size=16777216"
    "memorysetup-profiler-editor-allocator-block-size=1048576"
    "memorysetup-temp-allocator-size-main=16777216"
    "memorysetup-job-temp-allocator-block-size=2097152"
    "memorysetup-job-temp-allocator-block-size-background=1048576"
    "memorysetup-job-temp-allocator-reduction-small-platforms=262144"
    "memorysetup-temp-allocator-size-background-worker=32768"
    "memorysetup-temp-allocator-size-job-worker=262144"
    "memorysetup-temp-allocator-size-preload-manager=33554432"
    "memorysetup-temp-allocator-size-nav-mesh-worker=65536"
    "memorysetup-temp-allocator-size-audio-worker=65536"
    "memorysetup-temp-allocator-size-cloud-worker=32768"
    "memorysetup-temp-allocator-size-gi-baking-worker=262144"
    "memorysetup-temp-allocator-size-gfx=262144"
Refreshing native plugins compatible for Editor in 90.32 ms, found 3 plugins.
Preloading 0 native plugins for Editor in 0.00 ms.
Initialize engine version: 2021.3.8f1 (b30333d56e81)
[Subsystems] Discovering subsystems at path C:/Program Files/Unity/Hub/Editor/2021.3.8f1/Editor/Data/Resources/UnitySubsystems
[Subsystems] Discovering subsystems at path C:/Users/Gregory/Source/Repos/TalonsPass/TalonsPass2/Assets
GfxDevice: creating device client; threaded=0; jobified=0
Direct3D:
    Version:  Direct3D 11.0 [level 11.1]
    Renderer: AMD Radeon RX 5700 XT (ID=0x731f)
    Vendor:   ATI
    VRAM:     8151 MB
    Driver:   31.0.12027.7000
Initialize mono
Mono path[0] = 'C:/Program Files/Unity/Hub/Editor/2021.3.8f1/Editor/Data/Managed'
Mono path[1] = 'C:/Program Files/Unity/Hub/Editor/2021.3.8f1/Editor/Data/MonoBleedingEdge/lib/mono/unityjit-win32'
Mono config path = 'C:/Program Files/Unity/Hub/Editor/2021.3.8f1/Editor/Data/MonoBleedingEdge/etc'
Using monoOptions --debugger-agent=transport=dt_socket,embedding=1,server=y,suspend=n,address=127.0.0.1:56224
Begin MonoManager ReloadAssembly
Registering precompiled unity dll's ...
Register platform support module: C:/Program Files/Unity/Hub/Editor/2021.3.8f1/Editor/Data/PlaybackEngines/WindowsStandaloneSupport/UnityEditor.WindowsStandalone.Extensions.dll
Registered in 0.003655 seconds.
Native extension for WindowsStandalone target not found
Refreshing native plugins compatible for Editor in 83.77 ms, found 3 plugins.
Preloading 0 native plugins for Editor in 0.00 ms.
Mono: successfully reloaded assembly
- Completed reload, in  0.562 seconds
Domain Reload Profiling:
	ReloadAssembly (562ms)
		BeginReloadAssembly (70ms)
			ExecutionOrderSort (0ms)
			DisableScriptedObjects (0ms)
			BackupInstance (0ms)
			ReleaseScriptingObjects (0ms)
			CreateAndSetChildDomain (1ms)
		EndReloadAssembly (402ms)
			LoadAssemblies (69ms)
			RebuildTransferFunctionScriptingTraits (0ms)
			SetupTypeCache (93ms)
			ReleaseScriptCaches (0ms)
			RebuildScriptCaches (22ms)
			SetupLoadedEditorAssemblies (246ms)
				LogAssemblyErrors (0ms)
				InitializePlatformSupportModulesInManaged (5ms)
				SetLoadedEditorAssemblies (0ms)
				RefreshPlugins (84ms)
				BeforeProcessingInitializeOnLoad (1ms)
				ProcessInitializeOnLoadAttributes (117ms)
				ProcessInitializeOnLoadMethodAttributes (39ms)
				AfterProcessingInitializeOnLoad (0ms)
				EditorAssembliesLoaded (0ms)
			ExecutionOrderSort2 (0ms)
			AwakeInstancesAfterBackupRestoration (0ms)
Platform modules already initialized, skipping
Registering precompiled user dll's ...
Registered in 0.007808 seconds.
Begin MonoManager ReloadAssembly
Symbol file LoadedFromMemory doesn't match image C:\Users\Gregory\Source\Repos\TalonsPass\TalonsPass2\Library\PackageCache\com.unity.visualscripting@1.7.8\Editor\VisualScripting.Core\Dependencies\YamlDotNet\Unity.VisualScripting.YamlDotNet.dll
Symbol file LoadedFromMemory doesn't match image C:\Users\Gregory\Source\Repos\TalonsPass\TalonsPass2\Library\PackageCache\com.unity.visualscripting@1.7.8\Editor\VisualScripting.Core\Dependencies\DotNetZip\Unity.VisualScripting.IonicZip.dll
Native extension for WindowsStandalone target not found
Refreshing native plugins compatible for Editor in 0.56 ms, found 3 plugins.
Preloading 0 native plugins for Editor in 0.00 ms.
Mono: successfully reloaded assembly
- Completed reload, in  0.910 seconds
Domain Reload Profiling:
	ReloadAssembly (911ms)
		BeginReloadAssembly (105ms)
			ExecutionOrderSort (0ms)
			DisableScriptedObjects (5ms)
			BackupInstance (0ms)
			ReleaseScriptingObjects (0ms)
			CreateAndSetChildDomain (17ms)
		EndReloadAssembly (705ms)
			LoadAssemblies (90ms)
			RebuildTransferFunctionScriptingTraits (0ms)
			SetupTypeCache (230ms)
			ReleaseScriptCaches (1ms)
			RebuildScriptCaches (44ms)
			SetupLoadedEditorAssemblies (317ms)
				LogAssemblyErrors (0ms)
				InitializePlatformSupportModulesInManaged (5ms)
				SetLoadedEditorAssemblies (0ms)
				RefreshPlugins (1ms)
				BeforeProcessingInitializeOnLoad (78ms)
				ProcessInitializeOnLoadAttributes (203ms)
				ProcessInitializeOnLoadMethodAttributes (25ms)
				AfterProcessingInitializeOnLoad (5ms)
				EditorAssembliesLoaded (0ms)
			ExecutionOrderSort2 (0ms)
			AwakeInstancesAfterBackupRestoration (5ms)
Platform modules already initialized, skipping
========================================================================
Worker process is ready to serve import requests
Launched and connected shader compiler UnityShaderCompiler.exe after 0.05 seconds
Refreshing native plugins compatible for Editor in 0.68 ms, found 3 plugins.
Preloading 0 native plugins for Editor in 0.00 ms.
Unloading 3495 Unused Serialized files (Serialized files now loaded: 0)
Unloading 27 unused Assets / (111.1 KB). Loaded Objects now: 3956.
Memory consumption went from 122.2 MB to 122.1 MB.
Total: 2.772600 ms (FindLiveObjects: 0.270600 ms CreateObjectMapping: 0.089400 ms MarkObjects: 2.322500 ms  DeleteObjects: 0.089300 ms)

AssetImportParameters requested are different than current active one (requested -> active):
  custom:video-decoder-ogg-theora: a1e56fd34408186e4bbccfd4996cb3dc -> 
  custom:container-muxer-webm: aa71ff27fc2769a1b78a27578f13a17b -> 
  custom:container-demuxer-webm: 4f35f7cbe854078d1ac9338744f61a02 -> 
  custom:video-encoder-webm-vp8: eb34c28f22e8b96e1ab97ce403110664 -> 
  custom:audio-encoder-webm-vorbis: bf7c407c2cedff20999df2af8eb42d56 -> 
  custom:framework-win-MediaFoundation: 216162199b28c13a410421893ffa2e32 -> 
  custom:container-demuxer-ogg: 62fdf1f143b41e24485cea50d1cbac27 -> 
  custom:video-decoder-webm-vp8: 9c59270c3fd7afecdb556c50c9e8de78 -> 
  custom:audio-decoder-ogg-vorbis: bf7c407c2cedff20999df2af8eb42d56 -> 
========================================================================
Received Import Request.
  Time since last request: 18915.291741 seconds.
  path: Assets/PolygonWesternFrontier/Prefabs/Environments/SM_Env_Cactus_Large_04.prefab
  artifactKey: Guid(5810d5798a340174a9a2da12a0ae477b) Importer(815301076,1909f56bfc062723c751e8b465ee728b)
Start importing Assets/PolygonWesternFrontier/Prefabs/Environments/SM_Env_Cactus_Large_04.prefab using Guid(5810d5798a340174a9a2da12a0ae477b) Importer(815301076,1909f56bfc062723c751e8b465ee728b)  -> (artifact id: 'a2f20d1b694fded9b916f693b39c717e') in 0.123917 seconds 
========================================================================
Received Import Request.
  Time since last request: 0.000019 seconds.
  path: Assets/PolygonWesternFrontier/Prefabs/Environments/SM_Env_Mine_Tunnel_04.prefab
  artifactKey: Guid(ad617a5ae66a18941aa3bc82056f7623) Importer(815301076,1909f56bfc062723c751e8b465ee728b)
Start importing Assets/PolygonWesternFrontier/Prefabs/Environments/SM_Env_Mine_Tunnel_04.prefab using Guid(ad617a5ae66a18941aa3bc82056f7623) Importer(815301076,1909f56bfc062723c751e8b465ee728b)  -> (artifact id: 'b7a3b35df307bf2d63fdef0b0d8b9393') in 0.019292 seconds 
========================================================================
Received Import Request.
  Time since last request: 0.000029 seconds.
  path: Assets/PolygonWesternFrontier/Prefabs/Environments/SM_Env_Mine_Track_Cross_01.prefab
  artifactKey: Guid(24136dee65b34d5439385d0ed85dbb7d) Importer(815301076,1909f56bfc062723c751e8b465ee728b)
Start importing Assets/PolygonWesternFrontier/Prefabs/Environments/SM_Env_Mine_Track_Cross_01.prefab using Guid(24136dee65b34d5439385d0ed85dbb7d) Importer(815301076,1909f56bfc062723c751e8b465ee728b)  -> (artifact id: '48c60d3ed61f62e8033628e5c9099c1d') in 0.016608 seconds 
========================================================================
Received Import Request.
  Time since last request: 0.000027 seconds.
  path: Assets/PolygonWesternFrontier/Prefabs/Environments/SM_Env_Grass_Shrub_01.prefab
  artifactKey: Guid(5eacb0825d2135941976b2b401662c8a) Importer(815301076,1909f56bfc062723c751e8b465ee728b)
Start importing Assets/PolygonWesternFrontier/Prefabs/Environments/SM_Env_Grass_Shrub_01.prefab using Guid(5eacb0825d2135941976b2b401662c8a) Importer(815301076,1909f56bfc062723c751e8b465ee728b)  -> (artifact id: 'f106065772b1950b0f4735a689c28294') in 0.017699 seconds 
========================================================================
Received Import Request.
  Time since last request: 0.000016 seconds.
  path: Assets/PolygonWesternFrontier/Prefabs/Environments/SM_Env_Mine_Track_Base_Angled_03.prefab
  artifactKey: Guid(4b0549ce52c07cf4e86d7eca6bd3eb67) Importer(815301076,1909f56bfc062723c751e8b465ee728b)
Start importing Assets/PolygonWesternFrontier/Prefabs/Environments/SM_Env_Mine_Track_Base_Angled_03.prefab using Guid(4b0549ce52c07cf4e86d7eca6bd3eb67) Importer(815301076,1909f56bfc062723c751e8b465ee728b)  -> (artifact id: 'd1a0ddca71261043a19c8e42425410ad') in 0.013074 seconds 
========================================================================
Received Import Request.
  Time since last request: 0.000018 seconds.
  path: Assets/PolygonWesternFrontier/Prefabs/Environments/SM_Env_Cactus_Large_06.prefab
  artifactKey: Guid(50be67da65ab30f45b10768454899cdc) Importer(815301076,1909f56bfc062723c751e8b465ee728b)
Start importing Assets/PolygonWesternFrontier/Prefabs/Environments/SM_Env_Cactus_Large_06.prefab using Guid(50be67da65ab30f45b10768454899cdc) Importer(815301076,1909f56bfc062723c751e8b465ee728b)  -> (artifact id: 'b85829664eda7d0a2ea265d598f0827b') in 0.015866 seconds 
========================================================================
Received Import Request.
  Time since last request: 0.000023 seconds.
  path: Assets/PolygonWesternFrontier/Prefabs/Environments/SM_Env_Mine_Track_Curved_02.prefab
  artifactKey: Guid(43d96d6c4ac53684f8baa502c0676313) Importer(815301076,1909f56bfc062723c751e8b465ee728b)
Start importing Assets/PolygonWesternFrontier/Prefabs/Environments/SM_Env_Mine_Track_Curved_02.prefab using Guid(43d96d6c4ac53684f8baa502c0676313) Importer(815301076,1909f56bfc062723c751e8b465ee728b)  -> (artifact id: '19ec1d02387a679b711faa8b3267af15') in 0.014169 seconds 
========================================================================
Received Import Request.
  Time since last request: 0.000024 seconds.
  path: Assets/PolygonWesternFrontier/Prefabs/Environments/SM_Env_Mine_Track_End_01.prefab
  artifactKey: Guid(dc19da7f3198c5c489b06ab9535726aa) Importer(815301076,1909f56bfc062723c751e8b465ee728b)
Start importing Assets/PolygonWesternFrontier/Prefabs/Environments/SM_Env_Mine_Track_End_01.prefab using Guid(dc19da7f3198c5c489b06ab9535726aa) Importer(815301076,1909f56bfc062723c751e8b465ee728b)  -> (artifact id: '02f3ef200fb4ebf76555a5701aeb17e0') in 0.014443 seconds 
========================================================================
Received Import Request.
  Time since last request: 0.000017 seconds.
  path: Assets/PolygonWesternFrontier/Prefabs/Environments/SM_Env_Mine_Wall_High_02.prefab
  artifactKey: Guid(c8894ad5d188f1a45849c93405a643a6) Importer(815301076,1909f56bfc062723c751e8b465ee728b)
Start importing Assets/PolygonWesternFrontier/Prefabs/Environments/SM_Env_Mine_Wall_High_02.prefab using Guid(c8894ad5d188f1a45849c93405a643a6) Importer(815301076,1909f56bfc062723c751e8b465ee728b)  -> (artifact id: '0da1225bfc29201cf11b3d0ae11dfa29') in 0.012907 seconds 
========================================================================
Received Import Request.
  Time since last request: 0.000018 seconds.
  path: Assets/PolygonWesternFrontier/Prefabs/Environments/SM_Env_Mound_Flattop_02.prefab
  artifactKey: Guid(2a6a09a65c94a3a469d9d7a232fe5abf) Importer(815301076,1909f56bfc062723c751e8b465ee728b)
Start importing Assets/PolygonWesternFrontier/Prefabs/Environments/SM_Env_Mound_Flattop_02.prefab using Guid(2a6a09a65c94a3a469d9d7a232fe5abf) Importer(815301076,1909f56bfc062723c751e8b465ee728b)  -> (artifact id: '80d77f0b179282a43953cb075fdf44d8') in 0.011918 seconds 
========================================================================
Received Import Request.
  Time since last request: 0.000021 seconds.
  path: Assets/PolygonWesternFrontier/Prefabs/Environments/SM_Env_Mine_Track_Straight_01.prefab
  artifactKey: Guid(cb9c10d259c6ad14ea2e8ef9e059bf02) Importer(815301076,1909f56bfc062723c751e8b465ee728b)
Start importing Assets/PolygonWesternFrontier/Prefabs/Environments/SM_Env_Mine_Track_Straight_01.prefab using Guid(cb9c10d259c6ad14ea2e8ef9e059bf02) Importer(815301076,1909f56bfc062723c751e8b465ee728b)  -> (artifact id: '8549edb182ba0ce7a235d462f4821eef') in 0.013054 seconds 
========================================================================
Received Import Request.
  Time since last request: 0.000017 seconds.
  path: Assets/PolygonWesternFrontier/Prefabs/Environments/SM_Env_Mound_Flattop_01.prefab
  artifactKey: Guid(b9f288200c64251438c0730deb30e162) Importer(815301076,1909f56bfc062723c751e8b465ee728b)
Start importing Assets/PolygonWesternFrontier/Prefabs/Environments/SM_Env_Mound_Flattop_01.prefab using Guid(b9f288200c64251438c0730deb30e162) Importer(815301076,1909f56bfc062723c751e8b465ee728b)  -> (artifact id: 'f999df698178e37818d3bf61596210e0') in 0.013111 seconds 
========================================================================
Received Import Request.
  Time since last request: 0.000019 seconds.
  path: Assets/PolygonWesternFrontier/Prefabs/Environments/SM_Env_Mine_Track_Frame_02.prefab
  artifactKey: Guid(ae5bc71c10f9926469fd06072b848849) Importer(815301076,1909f56bfc062723c751e8b465ee728b)
Start importing Assets/PolygonWesternFrontier/Prefabs/Environments/SM_Env_Mine_Track_Frame_02.prefab using Guid(ae5bc71c10f9926469fd06072b848849) Importer(815301076,1909f56bfc062723c751e8b465ee728b)  -> (artifact id: '6e44a965012213ec9b2dfc8dc38dd04e') in 0.014049 seconds 
========================================================================
Received Import Request.
  Time since last request: 0.000022 seconds.
  path: Assets/PolygonWesternFrontier/Prefabs/Environments/SM_Env_Mine_Track_Frame_01.prefab
  artifactKey: Guid(852f64df64fbe0548932c29d8ad272c1) Importer(815301076,1909f56bfc062723c751e8b465ee728b)
Start importing Assets/PolygonWesternFrontier/Prefabs/Environments/SM_Env_Mine_Track_Frame_01.prefab using Guid(852f64df64fbe0548932c29d8ad272c1) Importer(815301076,1909f56bfc062723c751e8b465ee728b)  -> (artifact id: '8453b5a437d89b7553d7bc0651ae9ef0') in 0.016143 seconds 
========================================================================
Received Import Request.
  Time since last request: 0.000014 seconds.
  path: Assets/PolygonWesternFrontier/Prefabs/Environments/SM_Env_Mine_Tunnel_Curved_01.prefab
  artifactKey: Guid(329818f9d441fa244908108958fa4429) Importer(815301076,1909f56bfc062723c751e8b465ee728b)
Start importing Assets/PolygonWesternFrontier/Prefabs/Environments/SM_Env_Mine_Tunnel_Curved_01.prefab using Guid(329818f9d441fa244908108958fa4429) Importer(815301076,1909f56bfc062723c751e8b465ee728b)  -> (artifact id: 'cb8929c28beb39e5d2ab7fcee887bf6b') in 0.013025 seconds 
========================================================================
Received Import Request.
  Time since last request: 0.000018 seconds.
  path: Assets/PolygonWesternFrontier/Prefabs/Environments/SM_Env_Cactus_03.prefab
  artifactKey: Guid(86f2e266d9ba4004aa3523931401c127) Importer(815301076,1909f56bfc062723c751e8b465ee728b)
Start importing Assets/PolygonWesternFrontier/Prefabs/Environments/SM_Env_Cactus_03.prefab using Guid(86f2e266d9ba4004aa3523931401c127) Importer(815301076,1909f56bfc062723c751e8b465ee728b)  -> (artifact id: 'a4c011f8391f1f10bead04eabdbf5a94') in 0.014683 seconds 
========================================================================
Received Import Request.
  Time since last request: 0.000025 seconds.
  path: Assets/PolygonWesternFrontier/Prefabs/Environments/SM_Env_Mine_Wall_01.prefab
  artifactKey: Guid(d62cbac560edcb547822d61c3d5b2a20) Importer(815301076,1909f56bfc062723c751e8b465ee728b)
Start importing Assets/PolygonWesternFrontier/Prefabs/Environments/SM_Env_Mine_Wall_01.prefab using Guid(d62cbac560edcb547822d61c3d5b2a20) Importer(815301076,1909f56bfc062723c751e8b465ee728b)  -> (artifact id: '759f91d477633901a7a3ee2b22c88b05') in 0.012979 seconds 
========================================================================
Received Import Request.
  Time since last request: 0.000022 seconds.
  path: Assets/PolygonWesternFrontier/Prefabs/Environments/SM_Env_Mine_Wall_High_01.prefab
  artifactKey: Guid(fe9e61cde83fbfa40a4de6db01b5b0f2) Importer(815301076,1909f56bfc062723c751e8b465ee728b)
Start importing Assets/PolygonWesternFrontier/Prefabs/Environments/SM_Env_Mine_Wall_High_01.prefab using Guid(fe9e61cde83fbfa40a4de6db01b5b0f2) Importer(815301076,1909f56bfc062723c751e8b465ee728b)  -> (artifact id: 'c94dd1cdd40119e6af336d3a887ad1a0') in 0.014250 seconds 
========================================================================
Received Import Request.
  Time since last request: 0.000022 seconds.
  path: Assets/PolygonWesternFrontier/Prefabs/Environments/SM_Env_Bush_01.prefab
  artifactKey: Guid(e2b775a77ec7cb94192f11bb7774e98c) Importer(815301076,1909f56bfc062723c751e8b465ee728b)
Start importing Assets/PolygonWesternFrontier/Prefabs/Environments/SM_Env_Bush_01.prefab using Guid(e2b775a77ec7cb94192f11bb7774e98c) Importer(815301076,1909f56bfc062723c751e8b465ee728b)  -> (artifact id: 'fbe44a4cc5b841e1217e4a619383ab1d') in 0.014366 seconds 
========================================================================
Received Import Request.
  Time since last request: 0.000013 seconds.
  path: Assets/PolygonWesternFrontier/Prefabs/Environments/SM_Env_Mine_Tunnel_Wide_End_01.prefab
  artifactKey: Guid(358c59a25a65e5a4099ee106fdcab10c) Importer(815301076,1909f56bfc062723c751e8b465ee728b)
Start importing Assets/PolygonWesternFrontier/Prefabs/Environments/SM_Env_Mine_Tunnel_Wide_End_01.prefab using Guid(358c59a25a65e5a4099ee106fdcab10c) Importer(815301076,1909f56bfc062723c751e8b465ee728b)  -> (artifact id: '149ca47ecf8e3febb29649dd390d3053') in 0.011628 seconds 
========================================================================
Received Import Request.
  Time since last request: 0.000018 seconds.
  path: Assets/PolygonWesternFrontier/Prefabs/Environments/SM_Env_Mine_Wall_Cross_01.prefab
  artifactKey: Guid(e4f570db8ff85444eafb62024ce60bf6) Importer(815301076,1909f56bfc062723c751e8b465ee728b)
Start importing Assets/PolygonWesternFrontier/Prefabs/Environments/SM_Env_Mine_Wall_Cross_01.prefab using Guid(e4f570db8ff85444eafb62024ce60bf6) Importer(815301076,1909f56bfc062723c751e8b465ee728b)  -> (artifact id: 'd71dbadad5a67c64846f2cf86ab09257') in 0.013036 seconds 
========================================================================
Received Import Request.
  Time since last request: 0.000019 seconds.
  path: Assets/PolygonWesternFrontier/Prefabs/Environments/SM_Env_Flower_02.prefab
  artifactKey: Guid(551b28d6c453994458acc7566a7ca6ce) Importer(815301076,1909f56bfc062723c751e8b465ee728b)
Start importing Assets/PolygonWesternFrontier/Prefabs/Environments/SM_Env_Flower_02.prefab using Guid(551b28d6c453994458acc7566a7ca6ce) Importer(815301076,1909f56bfc062723c751e8b465ee728b)  -> (artifact id: 'a70b06fc4ac3a54688e3432e15ef9645') in 0.014049 seconds 
========================================================================
Received Import Request.
  Time since last request: 0.000018 seconds.
  path: Assets/PolygonWesternFrontier/Prefabs/Environments/SM_Env_Mine_Track_Angled_02.prefab
  artifactKey: Guid(a39e2adc69d6fca44914463a489f81d4) Importer(815301076,1909f56bfc062723c751e8b465ee728b)
Start importing Assets/PolygonWesternFrontier/Prefabs/Environments/SM_Env_Mine_Track_Angled_02.prefab using Guid(a39e2adc69d6fca44914463a489f81d4) Importer(815301076,1909f56bfc062723c751e8b465ee728b)  -> (artifact id: '0aaf9aff0cc5873bdc55fbb60c36aa79') in 0.014415 seconds 
========================================================================
Received Import Request.
  Time since last request: 0.000018 seconds.
  path: Assets/PolygonWesternFrontier/Prefabs/Environments/SM_Env_Mine_Tunnel_02.prefab
  artifactKey: Guid(ed7e24f154c81c04c8750ea77f3e7a4e) Importer(815301076,1909f56bfc062723c751e8b465ee728b)
Start importing Assets/PolygonWesternFrontier/Prefabs/Environments/SM_Env_Mine_Tunnel_02.prefab using Guid(ed7e24f154c81c04c8750ea77f3e7a4e) Importer(815301076,1909f56bfc062723c751e8b465ee728b)  -> (artifact id: '238e1579b755e1341463647787109e81') in 0.012962 seconds 
========================================================================
Received Import Request.
  Time since last request: 0.000018 seconds.
  path: Assets/PolygonWesternFrontier/Prefabs/Environments/SM_Env_Mine_Tunnel_Wide_01.prefab
  artifactKey: Guid(43b1f32be67fdfb4f9bae60f35810369) Importer(815301076,1909f56bfc062723c751e8b465ee728b)
Start importing Assets/PolygonWesternFrontier/Prefabs/Environments/SM_Env_Mine_Tunnel_Wide_01.prefab using Guid(43b1f32be67fdfb4f9bae60f35810369) Importer(815301076,1909f56bfc062723c751e8b465ee728b)  -> (artifact id: '08c575d3f973d5a59eb0fc535d424b76') in 0.013336 seconds 
========================================================================
Received Import Request.
  Time since last request: 0.000017 seconds.
  path: Assets/PolygonWesternFrontier/Prefabs/Environments/SM_Env_Cactus_Large_03.prefab
  artifactKey: Guid(5472627700b046a49ba4bcfa7c3113c8) Importer(815301076,1909f56bfc062723c751e8b465ee728b)
Start importing Assets/PolygonWesternFrontier/Prefabs/Environments/SM_Env_Cactus_Large_03.prefab using Guid(5472627700b046a49ba4bcfa7c3113c8) Importer(815301076,1909f56bfc062723c751e8b465ee728b)  -> (artifact id: 'b508215276d5736757911313548203fd') in 0.014056 seconds 
========================================================================
Received Import Request.
  Time since last request: 0.000022 seconds.
  path: Assets/PolygonWesternFrontier/Prefabs/Environments/SM_Env_Mine_Track_Pulley_01.prefab
  artifactKey: Guid(1b5116512d33dc34fa578ba072eea81a) Importer(815301076,1909f56bfc062723c751e8b465ee728b)
Start importing Assets/PolygonWesternFrontier/Prefabs/Environments/SM_Env_Mine_Track_Pulley_01.prefab using Guid(1b5116512d33dc34fa578ba072eea81a) Importer(815301076,1909f56bfc062723c751e8b465ee728b)  -> (artifact id: '70fdd87a0fec2498dc0e8be6925c89a6') in 0.014923 seconds 
========================================================================
Received Import Request.
  Time since last request: 0.000019 seconds.
  path: Assets/PolygonWesternFrontier/Prefabs/Environments/SM_Env_Mine_Track_Barrier_01.prefab
  artifactKey: Guid(58df2235b183b2144a0f819e69bffd47) Importer(815301076,1909f56bfc062723c751e8b465ee728b)
Start importing Assets/PolygonWesternFrontier/Prefabs/Environments/SM_Env_Mine_Track_Barrier_01.prefab using Guid(58df2235b183b2144a0f819e69bffd47) Importer(815301076,1909f56bfc062723c751e8b465ee728b)  -> (artifact id: 'fa011c28820e2c2fa38a831caca15689') in 0.013434 seconds 
========================================================================
Received Import Request.
  Time since last request: 0.000021 seconds.
  path: Assets/PolygonWesternFrontier/Prefabs/Environments/SM_Env_Grass_Desert_01.prefab
  artifactKey: Guid(232230736ca35364491649faf7d527f5) Importer(815301076,1909f56bfc062723c751e8b465ee728b)
Start importing Assets/PolygonWesternFrontier/Prefabs/Environments/SM_Env_Grass_Desert_01.prefab using Guid(232230736ca35364491649faf7d527f5) Importer(815301076,1909f56bfc062723c751e8b465ee728b)  -> (artifact id: '754f7f7b05840a65fcde0ecb0815aae1') in 0.013165 seconds 
========================================================================
Received Import Request.
  Time since last request: 0.000016 seconds.
  path: Assets/PolygonWesternFrontier/Prefabs/Environments/SM_Env_Mine_Track_Straight_04.prefab
  artifactKey: Guid(7443f52966e8d1c41aa186f5300401a0) Importer(815301076,1909f56bfc062723c751e8b465ee728b)
Start importing Assets/PolygonWesternFrontier/Prefabs/Environments/SM_Env_Mine_Track_Straight_04.prefab using Guid(7443f52966e8d1c41aa186f5300401a0) Importer(815301076,1909f56bfc062723c751e8b465ee728b)  -> (artifact id: 'b5a56da0c34fd70c8fe1289a1a0c5fd5') in 0.013908 seconds 
========================================================================
Received Import Request.
  Time since last request: 0.000021 seconds.
  path: Assets/PolygonWesternFrontier/Prefabs/Environments/SM_Env_Cactus_Large_02.prefab
  artifactKey: Guid(6ce7d101e859cd3409c5d0916d5ee777) Importer(815301076,1909f56bfc062723c751e8b465ee728b)
Start importing Assets/PolygonWesternFrontier/Prefabs/Environments/SM_Env_Cactus_Large_02.prefab using Guid(6ce7d101e859cd3409c5d0916d5ee777) Importer(815301076,1909f56bfc062723c751e8b465ee728b)  -> (artifact id: '573061864ca5a0ebf3cff891abc81c5a') in 0.014327 seconds 
========================================================================
Received Import Request.
  Time since last request: 0.000023 seconds.
  path: Assets/PolygonWesternFrontier/Prefabs/Environments/SM_Env_Mine_Track_Straight_03.prefab
  artifactKey: Guid(34db555e435cb6042949ba1b1a95a5a2) Importer(815301076,1909f56bfc062723c751e8b465ee728b)
Start importing Assets/PolygonWesternFrontier/Prefabs/Environments/SM_Env_Mine_Track_Straight_03.prefab using Guid(34db555e435cb6042949ba1b1a95a5a2) Importer(815301076,1909f56bfc062723c751e8b465ee728b)  -> (artifact id: '6eac55fd05024f816e19e38f61ee1f86') in 0.014092 seconds 
========================================================================
Received Import Request.
  Time since last request: 0.000015 seconds.
  path: Assets/PolygonWesternFrontier/Prefabs/Environments/SM_Env_Cactus_Large_05.prefab
  artifactKey: Guid(f82f799a80f40ea45883e64c70d84f29) Importer(815301076,1909f56bfc062723c751e8b465ee728b)
Start importing Assets/PolygonWesternFrontier/Prefabs/Environments/SM_Env_Cactus_Large_05.prefab using Guid(f82f799a80f40ea45883e64c70d84f29) Importer(815301076,1909f56bfc062723c751e8b465ee728b)  -> (artifact id: '9173396516ac353ea9e0b16e1c1be137') in 0.014074 seconds 
========================================================================
Received Import Request.
  Time since last request: 0.000020 seconds.
  path: Assets/PolygonWesternFrontier/Prefabs/Environments/SM_Env_Mine_Track_Curved_01.prefab
  artifactKey: Guid(96e2ac96012a3bb4f9a2fde33433a141) Importer(815301076,1909f56bfc062723c751e8b465ee728b)
Start importing Assets/PolygonWesternFrontier/Prefabs/Environments/SM_Env_Mine_Track_Curved_01.prefab using Guid(96e2ac96012a3bb4f9a2fde33433a141) Importer(815301076,1909f56bfc062723c751e8b465ee728b)  -> (artifact id: '56e9d7252524ad1abf47d437e76b7458') in 0.013626 seconds 
========================================================================
Received Import Request.
  Time since last request: 0.000017 seconds.
  path: Assets/PolygonWesternFrontier/Prefabs/Environments/SM_Env_Cactus_Large_07.prefab
  artifactKey: Guid(e4994f18a15e8a64a89a92edc1f7387f) Importer(815301076,1909f56bfc062723c751e8b465ee728b)
Start importing Assets/PolygonWesternFrontier/Prefabs/Environments/SM_Env_Cactus_Large_07.prefab using Guid(e4994f18a15e8a64a89a92edc1f7387f) Importer(815301076,1909f56bfc062723c751e8b465ee728b)  -> (artifact id: 'ac32efdd9a10264959c5e73ad17baa8c') in 0.014624 seconds 
========================================================================
Received Import Request.
  Time since last request: 0.000013 seconds.
  path: Assets/PolygonWesternFrontier/Prefabs/Environments/SM_Env_Mine_Track_Angled_01.prefab
  artifactKey: Guid(ef711e4734b4a9145ad8383e1572e57a) Importer(815301076,1909f56bfc062723c751e8b465ee728b)
Start importing Assets/PolygonWesternFrontier/Prefabs/Environments/SM_Env_Mine_Track_Angled_01.prefab using Guid(ef711e4734b4a9145ad8383e1572e57a) Importer(815301076,1909f56bfc062723c751e8b465ee728b)  -> (artifact id: '76829b4e13af00d9710d56c945fee5f0') in 0.013547 seconds 
========================================================================
Received Import Request.
  Time since last request: 0.000016 seconds.
  path: Assets/PolygonWesternFrontier/Prefabs/Environments/SM_Env_Mound_Large_01.prefab
  artifactKey: Guid(36e707806c44b75419d0b4121232db61) Importer(815301076,1909f56bfc062723c751e8b465ee728b)
Start importing Assets/PolygonWesternFrontier/Prefabs/Environments/SM_Env_Mound_Large_01.prefab using Guid(36e707806c44b75419d0b4121232db61) Importer(815301076,1909f56bfc062723c751e8b465ee728b)  -> (artifact id: '2e40d5a31c54b341ec1cc3e4346086cc') in 0.012906 seconds 
========================================================================
Received Import Request.
  Time since last request: 0.000016 seconds.
  path: Assets/PolygonWesternFrontier/Prefabs/Environments/SM_Env_Mound_Large_03.prefab
  artifactKey: Guid(e7ff95b984b501c4c86d970c737b2621) Importer(815301076,1909f56bfc062723c751e8b465ee728b)
Start importing Assets/PolygonWesternFrontier/Prefabs/Environments/SM_Env_Mound_Large_03.prefab using Guid(e7ff95b984b501c4c86d970c737b2621) Importer(815301076,1909f56bfc062723c751e8b465ee728b)  -> (artifact id: '8cca5abc85937835c2541c91629dddb3') in 0.013701 seconds 
========================================================================
Received Import Request.
  Time since last request: 0.000016 seconds.
  path: Assets/PolygonWesternFrontier/Prefabs/Environments/SM_Env_Mine_Track_Angled_04.prefab
  artifactKey: Guid(2be5cb367bc318f4695d72365d20cf6e) Importer(815301076,1909f56bfc062723c751e8b465ee728b)
Start importing Assets/PolygonWesternFrontier/Prefabs/Environments/SM_Env_Mine_Track_Angled_04.prefab using Guid(2be5cb367bc318f4695d72365d20cf6e) Importer(815301076,1909f56bfc062723c751e8b465ee728b)  -> (artifact id: 'b5317cfe9264c592578874d18bdb2783') in 0.015377 seconds 
========================================================================
Received Import Request.
  Time since last request: 1.215190 seconds.
  path: Assets/PolygonWesternFrontier/Models/CollisionConvex/SM_Env_Grass_Desert_01_Convex.asset
  artifactKey: Guid(1e48073c30f4dfe4a84418e4bd7a6e78) Importer(815301076,1909f56bfc062723c751e8b465ee728b)
Start importing Assets/PolygonWesternFrontier/Models/CollisionConvex/SM_Env_Grass_Desert_01_Convex.asset using Guid(1e48073c30f4dfe4a84418e4bd7a6e78) Importer(815301076,1909f56bfc062723c751e8b465ee728b)  -> (artifact id: '8e05be299f232023b1d2de845990a1ba') in 0.020701 seconds 
========================================================================
Received Import Request.
  Time since last request: 0.000023 seconds.
  path: Assets/PolygonWesternFrontier/Prefabs/Generic/SM_Generic_Ground_01.prefab
  artifactKey: Guid(f88e5a25e4517044fa3d3fde9a85fa70) Importer(815301076,1909f56bfc062723c751e8b465ee728b)
Start importing Assets/PolygonWesternFrontier/Prefabs/Generic/SM_Generic_Ground_01.prefab using Guid(f88e5a25e4517044fa3d3fde9a85fa70) Importer(815301076,1909f56bfc062723c751e8b465ee728b)  -> (artifact id: '0883cb56dc680ce73215d856b432b12e') in 0.013435 seconds 
========================================================================
Received Import Request.
  Time since last request: 0.000018 seconds.
  path: Assets/PolygonWesternFrontier/Models/CollisionConvex/SM_Env_ShrubGrass_02_Convex.asset
  artifactKey: Guid(f7dd4884912bfcc4dae20b40a0cc6186) Importer(815301076,1909f56bfc062723c751e8b465ee728b)
Start importing Assets/PolygonWesternFrontier/Models/CollisionConvex/SM_Env_ShrubGrass_02_Convex.asset using Guid(f7dd4884912bfcc4dae20b40a0cc6186) Importer(815301076,1909f56bfc062723c751e8b465ee728b)  -> (artifact id: 'a354daca8627e34388b9771096f4145f') in 0.008819 seconds 
========================================================================
Received Import Request.
  Time since last request: 0.000028 seconds.
  path: Assets/PolygonWesternFrontier/Models/SM_Env_ShrubGrass_03.fbx
  artifactKey: Guid(fb8e1d205adc0664fa0065cc55bad6ee) Importer(815301076,1909f56bfc062723c751e8b465ee728b)
Start importing Assets/PolygonWesternFrontier/Models/SM_Env_ShrubGrass_03.fbx using Guid(fb8e1d205adc0664fa0065cc55bad6ee) Importer(815301076,1909f56bfc062723c751e8b465ee728b)  -> (artifact id: 'd40142fa0d4e002910abe83cd549a1cd') in 0.046656 seconds 
========================================================================
Received Import Request.
  Time since last request: 0.000019 seconds.
  path: Assets/PolygonWesternFrontier/Models/CollisionConvex/SM_Env_ShrubGrass_03_Convex.asset
  artifactKey: Guid(24a38e1c3d30d5b4c91f7252c8b8c202) Importer(815301076,1909f56bfc062723c751e8b465ee728b)
Start importing Assets/PolygonWesternFrontier/Models/CollisionConvex/SM_Env_ShrubGrass_03_Convex.asset using Guid(24a38e1c3d30d5b4c91f7252c8b8c202) Importer(815301076,1909f56bfc062723c751e8b465ee728b)  -> (artifact id: '9c6060ecf1c114659b94d3c93f4f52d2') in 0.011274 seconds 
========================================================================
Received Import Request.
  Time since last request: 0.000017 seconds.
  path: Assets/PolygonWesternFrontier/Prefabs/Environments/SM_Env_Quarry_Ground_02.prefab
  artifactKey: Guid(c675f29b886830c42bb3d72bc810e16c) Importer(815301076,1909f56bfc062723c751e8b465ee728b)
Start importing Assets/PolygonWesternFrontier/Prefabs/Environments/SM_Env_Quarry_Ground_02.prefab using Guid(c675f29b886830c42bb3d72bc810e16c) Importer(815301076,1909f56bfc062723c751e8b465ee728b)  -> (artifact id: 'f37fc87e95de98365b7cdb8d561e074e') in 0.012613 seconds 
========================================================================
Received Import Request.
  Time since last request: 0.000018 seconds.
  path: Assets/PolygonWesternFrontier/Models/CollisionConvex/SM_Env_Grass_Shrub_01_Convex.asset
  artifactKey: Guid(19c56912b5b8be341b3afd28835f7627) Importer(815301076,1909f56bfc062723c751e8b465ee728b)
Start importing Assets/PolygonWesternFrontier/Models/CollisionConvex/SM_Env_Grass_Shrub_01_Convex.asset using Guid(19c56912b5b8be341b3afd28835f7627) Importer(815301076,1909f56bfc062723c751e8b465ee728b)  -> (artifact id: 'cb9144f776be1de3b79dd0665bd25348') in 0.010435 seconds 
========================================================================
Received Import Request.
  Time since last request: 0.000017 seconds.
  path: Assets/PolygonWesternFrontier/Models/SM_Env_ShrubGrass_02.fbx
  artifactKey: Guid(78aa114a91a05924cabc61f283837ffb) Importer(815301076,1909f56bfc062723c751e8b465ee728b)
Start importing Assets/PolygonWesternFrontier/Models/SM_Env_ShrubGrass_02.fbx using Guid(78aa114a91a05924cabc61f283837ffb) Importer(815301076,1909f56bfc062723c751e8b465ee728b)  -> (artifact id: 'c33c2f21ece144b769228decedd6b83f') in 0.014519 seconds 
========================================================================
Received Import Request.
  Time since last request: 1.627154 seconds.
  path: Assets/PolygonWesternFrontier/Prefabs/Generic/SM_Generic_Ground_Flat_01.prefab
  artifactKey: Guid(96763b22b987cd944be576d435d1acac) Importer(815301076,1909f56bfc062723c751e8b465ee728b)
Start importing Assets/PolygonWesternFrontier/Prefabs/Generic/SM_Generic_Ground_Flat_01.prefab using Guid(96763b22b987cd944be576d435d1acac) Importer(815301076,1909f56bfc062723c751e8b465ee728b)  -> (artifact id: 'e881ca0bacffd05ba193c6c3a19f257f') in 0.014138 seconds 
========================================================================
Received Import Request.
  Time since last request: 51.256686 seconds.
  path: Assets/PolygonWesternFrontier/Prefabs/Characters/FixedScaleCharacters/Character_Captain_Male_01.prefab
  artifactKey: Guid(61a51a0904b1ab846b8015fc4017ff05) Importer(815301076,1909f56bfc062723c751e8b465ee728b)
Start importing Assets/PolygonWesternFrontier/Prefabs/Characters/FixedScaleCharacters/Character_Captain_Male_01.prefab using Guid(61a51a0904b1ab846b8015fc4017ff05) Importer(815301076,1909f56bfc062723c751e8b465ee728b)  -> (artifact id: '92700959ac0084ff993cddf0b1dc22b1') in 0.067057 seconds 
========================================================================
Received Import Request.
  Time since last request: 0.000016 seconds.
  path: Assets/Ink/Editor/Tools/File Icons/Resources/InkCompileManualIcon.psd
  artifactKey: Guid(1e91fdbfb2b154a18b675257bc4d43d9) Importer(815301076,1909f56bfc062723c751e8b465ee728b)
Start importing Assets/Ink/Editor/Tools/File Icons/Resources/InkCompileManualIcon.psd using Guid(1e91fdbfb2b154a18b675257bc4d43d9) Importer(815301076,1909f56bfc062723c751e8b465ee728b)  -> (artifact id: 'dd31709dee8b0d2d7cc79100e005cee7') in 0.025471 seconds 
========================================================================
Received Import Request.
  Time since last request: 0.000018 seconds.
  path: Assets/PolygonWesternFrontier/Prefabs/Characters/Character_Priest_Male_01.prefab
  artifactKey: Guid(5b0f99eedb8337d45bf411c119c9bc3d) Importer(815301076,1909f56bfc062723c751e8b465ee728b)
Start importing Assets/PolygonWesternFrontier/Prefabs/Characters/Character_Priest_Male_01.prefab using Guid(5b0f99eedb8337d45bf411c119c9bc3d) Importer(815301076,1909f56bfc062723c751e8b465ee728b)  -> (artifact id: 'b4ef5c9db1b8956d3cc7a4eeeb6b1691') in 0.025788 seconds 
========================================================================
Received Import Request.
  Time since last request: 113.141944 seconds.
  path: Assets/PolygonWesternFrontier/Prefabs/Environments/SM_Env_Mound_Slope_01.prefab
  artifactKey: Guid(908af256cb93a154abe6da1cf794e64d) Importer(815301076,1909f56bfc062723c751e8b465ee728b)
Start importing Assets/PolygonWesternFrontier/Prefabs/Environments/SM_Env_Mound_Slope_01.prefab using Guid(908af256cb93a154abe6da1cf794e64d) Importer(815301076,1909f56bfc062723c751e8b465ee728b)  -> (artifact id: '20608a290ef70d388ac64b22c1f8d109') in 0.011937 seconds 
========================================================================
Received Import Request.
  Time since last request: 0.000017 seconds.
  path: Assets/PolygonWesternFrontier/Prefabs/Environments/SM_Env_Quarry_Wall_Curved_01.prefab
  artifactKey: Guid(8ca1cded15b163f498ab61068a9889c6) Importer(815301076,1909f56bfc062723c751e8b465ee728b)
Start importing Assets/PolygonWesternFrontier/Prefabs/Environments/SM_Env_Quarry_Wall_Curved_01.prefab using Guid(8ca1cded15b163f498ab61068a9889c6) Importer(815301076,1909f56bfc062723c751e8b465ee728b)  -> (artifact id: 'a93bf51fcec748b3f92cf8d00e319da4') in 0.012366 seconds 
========================================================================
Received Import Request.
  Time since last request: 0.000017 seconds.
  path: Assets/PolygonWesternFrontier/Prefabs/Environments/SM_Env_Quarry_Wall_Mine_Entrance_01.prefab
  artifactKey: Guid(4a1810fd2b5bc6c4ea46857eb78272c5) Importer(815301076,1909f56bfc062723c751e8b465ee728b)
Start importing Assets/PolygonWesternFrontier/Prefabs/Environments/SM_Env_Quarry_Wall_Mine_Entrance_01.prefab using Guid(4a1810fd2b5bc6c4ea46857eb78272c5) Importer(815301076,1909f56bfc062723c751e8b465ee728b)  -> (artifact id: 'd00fc716827677f449c4c1bd99c5b1d9') in 0.013480 seconds 
========================================================================
Received Import Request.
  Time since last request: 0.000017 seconds.
  path: Assets/PolygonWesternFrontier/Prefabs/Environments/SM_Env_Mound_Slope_03.prefab
  artifactKey: Guid(eaa642e1a3c6c534ab17283f0a791e97) Importer(815301076,1909f56bfc062723c751e8b465ee728b)
Start importing Assets/PolygonWesternFrontier/Prefabs/Environments/SM_Env_Mound_Slope_03.prefab using Guid(eaa642e1a3c6c534ab17283f0a791e97) Importer(815301076,1909f56bfc062723c751e8b465ee728b)  -> (artifact id: '8a779a54f97fee6ec00d32df587f9da5') in 0.012401 seconds 
========================================================================
Received Import Request.
  Time since last request: 0.000021 seconds.
  path: Assets/PolygonWesternFrontier/Prefabs/Environments/SM_Env_Quarry_Wall_End_01.prefab
  artifactKey: Guid(4fe7a64d61b2183489c627603a63a406) Importer(815301076,1909f56bfc062723c751e8b465ee728b)
Start importing Assets/PolygonWesternFrontier/Prefabs/Environments/SM_Env_Quarry_Wall_End_01.prefab using Guid(4fe7a64d61b2183489c627603a63a406) Importer(815301076,1909f56bfc062723c751e8b465ee728b)  -> (artifact id: '8686363db643a807a6ed90e553e5c5ac') in 0.015268 seconds 
========================================================================
Received Import Request.
  Time since last request: 0.000018 seconds.
  path: Assets/PolygonWesternFrontier/Prefabs/Environments/SM_Env_Quarry_Rocks_03.prefab
  artifactKey: Guid(d0f65556d16ed2e4fafdfce78427df2c) Importer(815301076,1909f56bfc062723c751e8b465ee728b)
Start importing Assets/PolygonWesternFrontier/Prefabs/Environments/SM_Env_Quarry_Rocks_03.prefab using Guid(d0f65556d16ed2e4fafdfce78427df2c) Importer(815301076,1909f56bfc062723c751e8b465ee728b)  -> (artifact id: 'b866fee3825d149c78f2c0625fae9ef0') in 0.015428 seconds 
========================================================================
Received Import Request.
  Time since last request: 0.000018 seconds.
  path: Assets/PolygonWesternFrontier/Prefabs/Environments/SM_Env_Quarry_Wall_Curved_02.prefab
  artifactKey: Guid(efb87cf1549d7d542bf3d3f882bd4cd2) Importer(815301076,1909f56bfc062723c751e8b465ee728b)
Start importing Assets/PolygonWesternFrontier/Prefabs/Environments/SM_Env_Quarry_Wall_Curved_02.prefab using Guid(efb87cf1549d7d542bf3d3f882bd4cd2) Importer(815301076,1909f56bfc062723c751e8b465ee728b)  -> (artifact id: 'e82760c322a74057aed5bca65314ac4f') in 0.013733 seconds 
========================================================================
Received Import Request.
  Time since last request: 0.450544 seconds.
  path: Assets/PolygonWesternFrontier/Prefabs/Environments/SM_Env_Quarry_Wall_Round_02.prefab
  artifactKey: Guid(160272ec2be416f4f81b7434c5e8faea) Importer(815301076,1909f56bfc062723c751e8b465ee728b)
Start importing Assets/PolygonWesternFrontier/Prefabs/Environments/SM_Env_Quarry_Wall_Round_02.prefab using Guid(160272ec2be416f4f81b7434c5e8faea) Importer(815301076,1909f56bfc062723c751e8b465ee728b)  -> (artifact id: '3193f765cc51bb77802daac43960e48c') in 0.010861 seconds 
========================================================================
Received Import Request.
  Time since last request: 0.000024 seconds.
  path: Assets/PolygonWesternFrontier/Prefabs/Environments/SM_Env_River_Straight_01.prefab
  artifactKey: Guid(0f729ed1da8c06445898e600136e6f5f) Importer(815301076,1909f56bfc062723c751e8b465ee728b)
Start importing Assets/PolygonWesternFrontier/Prefabs/Environments/SM_Env_River_Straight_01.prefab using Guid(0f729ed1da8c06445898e600136e6f5f) Importer(815301076,1909f56bfc062723c751e8b465ee728b)  -> (artifact id: '4c1313d7b1c18bd0b9ddfee2a6c2dd50') in 0.012014 seconds 
========================================================================
Received Import Request.
  Time since last request: 0.000017 seconds.
  path: Assets/PolygonWesternFrontier/Prefabs/Environments/SM_Env_Reeds_01.prefab
  artifactKey: Guid(47d0b7074efa38b4ca6999c8f77f8c49) Importer(815301076,1909f56bfc062723c751e8b465ee728b)
Start importing Assets/PolygonWesternFrontier/Prefabs/Environments/SM_Env_Reeds_01.prefab using Guid(47d0b7074efa38b4ca6999c8f77f8c49) Importer(815301076,1909f56bfc062723c751e8b465ee728b)  -> (artifact id: 'c2662aea083984bb8118ae76d836e4ff') in 0.011937 seconds 
========================================================================
Received Import Request.
  Time since last request: 0.000018 seconds.
  path: Assets/PolygonWesternFrontier/Prefabs/Environments/SM_Env_RockFlat_01.prefab
  artifactKey: Guid(5d88ec504e6a7c7479182fef48305fd9) Importer(815301076,1909f56bfc062723c751e8b465ee728b)
Start importing Assets/PolygonWesternFrontier/Prefabs/Environments/SM_Env_RockFlat_01.prefab using Guid(5d88ec504e6a7c7479182fef48305fd9) Importer(815301076,1909f56bfc062723c751e8b465ee728b)  -> (artifact id: '28fc18e7c211f16af121cc837ed99aee') in 0.011817 seconds 
========================================================================
Received Import Request.
  Time since last request: 0.000017 seconds.
  path: Assets/PolygonWesternFrontier/Prefabs/Environments/SM_Env_River_Split_01.prefab
  artifactKey: Guid(952e3cc1df2ecf84c9751cf071752c38) Importer(815301076,1909f56bfc062723c751e8b465ee728b)
Start importing Assets/PolygonWesternFrontier/Prefabs/Environments/SM_Env_River_Split_01.prefab using Guid(952e3cc1df2ecf84c9751cf071752c38) Importer(815301076,1909f56bfc062723c751e8b465ee728b)  -> (artifact id: '3943b12ce1851dc389246efc91bb5d6b') in 0.012374 seconds 
========================================================================
Received Import Request.
  Time since last request: 0.000019 seconds.
  path: Assets/PolygonWesternFrontier/Prefabs/Environments/SM_Env_RockTall_01.prefab
  artifactKey: Guid(f6fb50e760598c84b80b58178f21cd13) Importer(815301076,1909f56bfc062723c751e8b465ee728b)
Start importing Assets/PolygonWesternFrontier/Prefabs/Environments/SM_Env_RockTall_01.prefab using Guid(f6fb50e760598c84b80b58178f21cd13) Importer(815301076,1909f56bfc062723c751e8b465ee728b)  -> (artifact id: '0d65c5cb9fd180174c7395c9691e2419') in 0.011963 seconds 
========================================================================
Received Import Request.
  Time since last request: 0.000017 seconds.
  path: Assets/PolygonWesternFrontier/Prefabs/Environments/SM_Env_River_Corner_R_02.prefab
  artifactKey: Guid(87bcc2b20880ccb4baaa7833961ebd0c) Importer(815301076,1909f56bfc062723c751e8b465ee728b)
Start importing Assets/PolygonWesternFrontier/Prefabs/Environments/SM_Env_River_Corner_R_02.prefab using Guid(87bcc2b20880ccb4baaa7833961ebd0c) Importer(815301076,1909f56bfc062723c751e8b465ee728b)  -> (artifact id: '1f363b525714c05105cf6264b6d266b8') in 0.012798 seconds 
========================================================================
Received Import Request.
  Time since last request: 0.000013 seconds.
  path: Assets/PolygonWesternFrontier/Prefabs/Environments/SM_Env_Tree_Desert_01.prefab
  artifactKey: Guid(b7a3bf101d1963f4f9cc2cf96a26c9db) Importer(815301076,1909f56bfc062723c751e8b465ee728b)
Start importing Assets/PolygonWesternFrontier/Prefabs/Environments/SM_Env_Tree_Desert_01.prefab using Guid(b7a3bf101d1963f4f9cc2cf96a26c9db) Importer(815301076,1909f56bfc062723c751e8b465ee728b)  -> (artifact id: 'da3733433ab102fd1342a6781b4bd450') in 0.012041 seconds 
========================================================================
Received Import Request.
  Time since last request: 0.000016 seconds.
  path: Assets/PolygonWesternFrontier/Prefabs/Environments/SM_Env_Tree_Clump_01.prefab
  artifactKey: Guid(c96b7b2438403f740906346daaaffa5e) Importer(815301076,1909f56bfc062723c751e8b465ee728b)
Start importing Assets/PolygonWesternFrontier/Prefabs/Environments/SM_Env_Tree_Clump_01.prefab using Guid(c96b7b2438403f740906346daaaffa5e) Importer(815301076,1909f56bfc062723c751e8b465ee728b)  -> (artifact id: '78495e5e55476eca34bfcc53a52c618f') in 0.011794 seconds 
========================================================================
Received Import Request.
  Time since last request: 0.000014 seconds.
  path: Assets/PolygonWesternFrontier/Prefabs/Environments/SM_Env_Tree_Stump_01.prefab
  artifactKey: Guid(5c35d0e0c7c3cf143b36a2d83ce62038) Importer(815301076,1909f56bfc062723c751e8b465ee728b)
Start importing Assets/PolygonWesternFrontier/Prefabs/Environments/SM_Env_Tree_Stump_01.prefab using Guid(5c35d0e0c7c3cf143b36a2d83ce62038) Importer(815301076,1909f56bfc062723c751e8b465ee728b)  -> (artifact id: 'c7920b1321426396bbb2eb8d9769f7ff') in 0.013395 seconds 
========================================================================
Received Import Request.
  Time since last request: 0.000014 seconds.
  path: Assets/PolygonWesternFrontier/Prefabs/Environments/SM_Env_Shrub_03.prefab
  artifactKey: Guid(6ca33031738ba9e41a23758717d1e56e) Importer(815301076,1909f56bfc062723c751e8b465ee728b)
Start importing Assets/PolygonWesternFrontier/Prefabs/Environments/SM_Env_Shrub_03.prefab using Guid(6ca33031738ba9e41a23758717d1e56e) Importer(815301076,1909f56bfc062723c751e8b465ee728b)  -> (artifact id: '9ccd96ddb0a26949fb1057a9fd0e9109') in 0.012508 seconds 
========================================================================
Received Import Request.
  Time since last request: 0.000016 seconds.
  path: Assets/PolygonWesternFrontier/Prefabs/Environments/SM_Env_River_Straight_04.prefab
  artifactKey: Guid(ef5703f857a3aa249b9efd17bd5a7602) Importer(815301076,1909f56bfc062723c751e8b465ee728b)
Start importing Assets/PolygonWesternFrontier/Prefabs/Environments/SM_Env_River_Straight_04.prefab using Guid(ef5703f857a3aa249b9efd17bd5a7602) Importer(815301076,1909f56bfc062723c751e8b465ee728b)  -> (artifact id: 'a6b87ddc6dd7b8d46cb2c1a63410506d') in 0.010944 seconds 
========================================================================
Received Import Request.
  Time since last request: 0.000022 seconds.
  path: Assets/PolygonWesternFrontier/Prefabs/Environments/SM_Env_RockSmall_02.prefab
  artifactKey: Guid(c4cb2573a82ed654d87dbcfcebb784fc) Importer(815301076,1909f56bfc062723c751e8b465ee728b)
Start importing Assets/PolygonWesternFrontier/Prefabs/Environments/SM_Env_RockSmall_02.prefab using Guid(c4cb2573a82ed654d87dbcfcebb784fc) Importer(815301076,1909f56bfc062723c751e8b465ee728b)  -> (artifact id: '104732387e23bc8583b4112f498d205d') in 0.011706 seconds 
========================================================================
Received Import Request.
  Time since last request: 0.000013 seconds.
  path: Assets/PolygonWesternFrontier/Prefabs/Environments/SM_Env_RockTall_02.prefab
  artifactKey: Guid(57db1575d7ae8174693d14731f604c0e) Importer(815301076,1909f56bfc062723c751e8b465ee728b)
Start importing Assets/PolygonWesternFrontier/Prefabs/Environments/SM_Env_RockTall_02.prefab using Guid(57db1575d7ae8174693d14731f604c0e) Importer(815301076,1909f56bfc062723c751e8b465ee728b)  -> (artifact id: '5299b2158d6c31bb2c4c2dcd234ee284') in 0.012126 seconds 
========================================================================
Received Import Request.
  Time since last request: 0.000017 seconds.
  path: Assets/PolygonWesternFrontier/Prefabs/Environments/SM_Env_River_Straight_05.prefab
  artifactKey: Guid(951364fa969a0a04ba1f81a7176d6d31) Importer(815301076,1909f56bfc062723c751e8b465ee728b)
Start importing Assets/PolygonWesternFrontier/Prefabs/Environments/SM_Env_River_Straight_05.prefab using Guid(951364fa969a0a04ba1f81a7176d6d31) Importer(815301076,1909f56bfc062723c751e8b465ee728b)  -> (artifact id: '5d4e5f04903780807a967e447901e07a') in 0.012223 seconds 
========================================================================
Received Import Request.
  Time since last request: 0.000013 seconds.
  path: Assets/PolygonWesternFrontier/Prefabs/Environments/SM_Env_TreeDead_Fallen_01.prefab
  artifactKey: Guid(3d58394a6f2c15a4f926d0c7cf0a1164) Importer(815301076,1909f56bfc062723c751e8b465ee728b)
Start importing Assets/PolygonWesternFrontier/Prefabs/Environments/SM_Env_TreeDead_Fallen_01.prefab using Guid(3d58394a6f2c15a4f926d0c7cf0a1164) Importer(815301076,1909f56bfc062723c751e8b465ee728b)  -> (artifact id: 'a20f5c3c006e9ffebc958a40f525f40d') in 0.013124 seconds 
========================================================================
Received Import Request.
  Time since last request: 0.000016 seconds.
  path: Assets/PolygonWesternFrontier/Prefabs/Environments/SM_Env_Shrub_04.prefab
  artifactKey: Guid(eeaec581c9b4b0b4dbc37ec8232a81f0) Importer(815301076,1909f56bfc062723c751e8b465ee728b)
Start importing Assets/PolygonWesternFrontier/Prefabs/Environments/SM_Env_Shrub_04.prefab using Guid(eeaec581c9b4b0b4dbc37ec8232a81f0) Importer(815301076,1909f56bfc062723c751e8b465ee728b)  -> (artifact id: 'c55c2a67396947ba306cf4ff3a00941a') in 0.012791 seconds 
========================================================================
Received Import Request.
  Time since last request: 0.000013 seconds.
  path: Assets/PolygonWesternFrontier/Prefabs/Environments/SM_Env_Tree_Tall_02.prefab
  artifactKey: Guid(fe31fcea5460d6449a9cef0d6b859234) Importer(815301076,1909f56bfc062723c751e8b465ee728b)
Start importing Assets/PolygonWesternFrontier/Prefabs/Environments/SM_Env_Tree_Tall_02.prefab using Guid(fe31fcea5460d6449a9cef0d6b859234) Importer(815301076,1909f56bfc062723c751e8b465ee728b)  -> (artifact id: 'fbb87ff3d7026d9dd52a50b4bb02307b') in 0.012349 seconds 
========================================================================
Received Import Request.
  Time since last request: 0.000018 seconds.
  path: Assets/PolygonWesternFrontier/Prefabs/Environments/SM_Env_Road_Round_01.prefab
  artifactKey: Guid(0494383efaa5afb40993d7b2076cf371) Importer(815301076,1909f56bfc062723c751e8b465ee728b)
Start importing Assets/PolygonWesternFrontier/Prefabs/Environments/SM_Env_Road_Round_01.prefab using Guid(0494383efaa5afb40993d7b2076cf371) Importer(815301076,1909f56bfc062723c751e8b465ee728b)  -> (artifact id: 'ce1fb0836ead1b1469cc508734d2e7e4') in 0.012130 seconds 
========================================================================
Received Import Request.
  Time since last request: 0.000018 seconds.
  path: Assets/PolygonWesternFrontier/Prefabs/Environments/SM_Env_Tree_Tall_01.prefab
  artifactKey: Guid(e8a473c390941604887ce3d717898773) Importer(815301076,1909f56bfc062723c751e8b465ee728b)
Start importing Assets/PolygonWesternFrontier/Prefabs/Environments/SM_Env_Tree_Tall_01.prefab using Guid(e8a473c390941604887ce3d717898773) Importer(815301076,1909f56bfc062723c751e8b465ee728b)  -> (artifact id: '6773ec9ed34fcb5cd424241db5d09d78') in 0.012782 seconds 
========================================================================
Received Import Request.
  Time since last request: 0.000014 seconds.
  path: Assets/PolygonWesternFrontier/Prefabs/Environments/SM_Env_RockFlat_04.prefab
  artifactKey: Guid(8afcdba2550a55b48b618b8c64e07210) Importer(815301076,1909f56bfc062723c751e8b465ee728b)
Start importing Assets/PolygonWesternFrontier/Prefabs/Environments/SM_Env_RockFlat_04.prefab using Guid(8afcdba2550a55b48b618b8c64e07210) Importer(815301076,1909f56bfc062723c751e8b465ee728b)  -> (artifact id: 'b7627b23f8f28d1ade3724f8d3230998') in 0.011943 seconds 
========================================================================
Received Import Request.
  Time since last request: 0.000015 seconds.
  path: Assets/PolygonWesternFrontier/Prefabs/Environments/SM_Env_Quarry_Wall_Straight_02.prefab
  artifactKey: Guid(4900f57c7a29d7d41bfad5e9e6f8edeb) Importer(815301076,1909f56bfc062723c751e8b465ee728b)
Start importing Assets/PolygonWesternFrontier/Prefabs/Environments/SM_Env_Quarry_Wall_Straight_02.prefab using Guid(4900f57c7a29d7d41bfad5e9e6f8edeb) Importer(815301076,1909f56bfc062723c751e8b465ee728b)  -> (artifact id: 'f4b9e003afad671ff1bcd633762b6694') in 0.012555 seconds 
========================================================================
Received Import Request.
  Time since last request: 0.000013 seconds.
  path: Assets/PolygonWesternFrontier/Prefabs/Environments/SM_Env_Shrub_01.prefab
  artifactKey: Guid(46175349ba374014a86463721899bdf2) Importer(815301076,1909f56bfc062723c751e8b465ee728b)
Start importing Assets/PolygonWesternFrontier/Prefabs/Environments/SM_Env_Shrub_01.prefab using Guid(46175349ba374014a86463721899bdf2) Importer(815301076,1909f56bfc062723c751e8b465ee728b)  -> (artifact id: 'c53da8a815262dbc1879c8677e07d4d9') in 0.013289 seconds 
========================================================================
Received Prepare
Registering precompiled user dll's ...
Registered in 0.008335 seconds.
Begin MonoManager ReloadAssembly
Symbol file LoadedFromMemory doesn't match image C:\Users\Gregory\Source\Repos\TalonsPass\TalonsPass2\Library\PackageCache\com.unity.visualscripting@1.7.8\Editor\VisualScripting.Core\Dependencies\YamlDotNet\Unity.VisualScripting.YamlDotNet.dll
Symbol file LoadedFromMemory doesn't match image C:\Users\Gregory\Source\Repos\TalonsPass\TalonsPass2\Library\PackageCache\com.unity.visualscripting@1.7.8\Editor\VisualScripting.Core\Dependencies\DotNetZip\Unity.VisualScripting.IonicZip.dll
Native extension for WindowsStandalone target not found
Refreshing native plugins compatible for Editor in 0.74 ms, found 3 plugins.
Preloading 0 native plugins for Editor in 0.00 ms.
Mono: successfully reloaded assembly
- Completed reload, in  0.932 seconds
Domain Reload Profiling:
	ReloadAssembly (933ms)
		BeginReloadAssembly (137ms)
			ExecutionOrderSort (0ms)
			DisableScriptedObjects (4ms)
			BackupInstance (0ms)
			ReleaseScriptingObjects (0ms)
			CreateAndSetChildDomain (35ms)
		EndReloadAssembly (696ms)
			LoadAssemblies (105ms)
			RebuildTransferFunctionScriptingTraits (0ms)
			SetupTypeCache (239ms)
			ReleaseScriptCaches (1ms)
			RebuildScriptCaches (37ms)
			SetupLoadedEditorAssemblies (293ms)
				LogAssemblyErrors (0ms)
				InitializePlatformSupportModulesInManaged (13ms)
				SetLoadedEditorAssemblies (0ms)
				RefreshPlugins (1ms)
				BeforeProcessingInitializeOnLoad (62ms)
				ProcessInitializeOnLoadAttributes (185ms)
				ProcessInitializeOnLoadMethodAttributes (27ms)
				AfterProcessingInitializeOnLoad (5ms)
				EditorAssembliesLoaded (0ms)
			ExecutionOrderSort2 (0ms)
			AwakeInstancesAfterBackupRestoration (5ms)
Platform modules already initialized, skipping
Refreshing native plugins compatible for Editor in 2.32 ms, found 3 plugins.
Preloading 0 native plugins for Editor in 0.00 ms.
Unloading 3490 Unused Serialized files (Serialized files now loaded: 0)
Unloading 20 unused Assets / (78.3 KB). Loaded Objects now: 3972.
Memory consumption went from 139.5 MB to 139.4 MB.
Total: 2.940500 ms (FindLiveObjects: 0.318900 ms CreateObjectMapping: 0.081000 ms MarkObjects: 2.457400 ms  DeleteObjects: 0.082300 ms)

AssetImportParameters requested are different than current active one (requested -> active):
  custom:video-decoder-ogg-theora: a1e56fd34408186e4bbccfd4996cb3dc -> 
  custom:container-muxer-webm: aa71ff27fc2769a1b78a27578f13a17b -> 
  custom:container-demuxer-webm: 4f35f7cbe854078d1ac9338744f61a02 -> 
  custom:video-encoder-webm-vp8: eb34c28f22e8b96e1ab97ce403110664 -> 
  custom:audio-encoder-webm-vorbis: bf7c407c2cedff20999df2af8eb42d56 -> 
  custom:framework-win-MediaFoundation: 216162199b28c13a410421893ffa2e32 -> 
  custom:container-demuxer-ogg: 62fdf1f143b41e24485cea50d1cbac27 -> 
  custom:video-decoder-webm-vp8: 9c59270c3fd7afecdb556c50c9e8de78 -> 
  custom:audio-decoder-ogg-vorbis: bf7c407c2cedff20999df2af8eb42d56 -> 
